#
# There is insufficient memory for the Java Runtime Environment to continue.
# Native memory allocation (mmap) failed to map 65536 bytes for Failed to commit metaspace.
# Possible reasons:
#   The system is out of physical RAM or swap space
#   The process is running with CompressedOops enabled, and the Java Heap may be blocking the growth of the native heap
# Possible solutions:
#   Reduce memory load on the system
#   Increase physical memory or swap space
#   Check if swap backing store is full
#   Decrease Java heap size (-Xmx/-Xms)
#   Decrease number of Java threads
#   Decrease Java thread stack sizes (-Xss)
#   Set larger code cache with -XX:ReservedCodeCacheSize=
#   JVM is running with Unscaled Compressed Oops mode in which the Java heap is
#     placed in the first 4GB address space. The Java Heap base address is the
#     maximum limit for the native heap growth. Please use -XX:HeapBaseMinAddress
#     to set the Java Heap base and to place the Java Heap above 4GB virtual address.
# This output file may be truncated or incomplete.
#
#  Out of Memory Error (virtualSpaceNode.cpp:110), pid=4072, tid=25804
#
# JRE version: Java(TM) SE Runtime Environment (17.0.9+11) (build 17.0.9+11-LTS-201)
# Java VM: Java HotSpot(TM) 64-Bit Server VM (17.0.9+11-LTS-201, mixed mode, emulated-client, sharing, tiered, compressed oops, compressed class ptrs, g1 gc, windows-amd64)
# No core dump will be written. Minidumps are not enabled by default on client versions of Windows
#

---------------  S U M M A R Y ------------

Command Line: -XX:TieredStopAtLevel=1 -Dspring.output.ansi.enabled=always -Dcom.sun.management.jmxremote -Dspring.jmx.enabled=true -Dspring.liveBeansView.mbeanDomain -Dspring.application.admin.enabled=true -Dmanagement.endpoints.jmx.exposure.include=* -javaagent:D:\Program Files\JetBrains\IntelliJ IDEA 2024.2.3\lib\idea_rt.jar=55705:D:\Program Files\JetBrains\IntelliJ IDEA 2024.2.3\bin -Dfile.encoding=UTF-8 com.example.OnlineMovieStreamingSystem.OnlineMovieStreamingSystemApplication

Host: 11th Gen Intel(R) Core(TM) i7-11800H @ 2.30GHz, 16 cores, 7G,  Windows 11 , 64 bit Build 26100 (10.0.26100.3912)
Time: Mon May 26 23:11:49 2025 SE Asia Standard Time elapsed time: 8.144875 seconds (0d 0h 0m 8s)

---------------  T H R E A D  ---------------

Current thread (0x000001eaecc5ff10):  JavaThread "main" [_thread_in_vm, id=25804, stack(0x000000137d100000,0x000000137d200000)]

Stack: [0x000000137d100000,0x000000137d200000]
Native frames: (J=compiled Java code, j=interpreted, Vv=VM code, C=native code)
V  [jvm.dll+0x678a4a]
V  [jvm.dll+0x7d9cfd]
V  [jvm.dll+0x7db60e]
V  [jvm.dll+0x7dbc73]
V  [jvm.dll+0x245e1f]
V  [jvm.dll+0x7d5a0b]
V  [jvm.dll+0x61ebc6]
V  [jvm.dll+0x1c01f7]
V  [jvm.dll+0x621530]
V  [jvm.dll+0x61f586]
V  [jvm.dll+0x36a3c2]
V  [jvm.dll+0x1e1b4b]
V  [jvm.dll+0x53eb15]
V  [jvm.dll+0x754538]
V  [jvm.dll+0x754624]
V  [jvm.dll+0x40c73f]
V  [jvm.dll+0x412759]
C  [java.dll+0x17ec]

Java frames: (J=compiled Java code, j=interpreted, Vv=VM code)
J 1390  java.lang.ClassLoader.defineClass1(Ljava/lang/ClassLoader;Ljava/lang/String;[BIILjava/security/ProtectionDomain;Ljava/lang/String;)Ljava/lang/Class; java.base@17.0.9 (0 bytes) @ 0x000001eaf4886363 [0x000001eaf48862a0+0x00000000000000c3]
J 1434 c1 java.lang.ClassLoader.defineClass(Ljava/lang/String;[BIILjava/security/ProtectionDomain;)Ljava/lang/Class; java.base@17.0.9 (43 bytes) @ 0x000001eaf489ccdc [0x000001eaf489cbe0+0x00000000000000fc]
J 1424 c1 jdk.internal.loader.BuiltinClassLoader.defineClass(Ljava/lang/String;Ljdk/internal/loader/Resource;)Ljava/lang/Class; java.base@17.0.9 (121 bytes) @ 0x000001eaf4897ce4 [0x000001eaf4897820+0x00000000000004c4]
J 1407 c1 jdk.internal.loader.BuiltinClassLoader.findClassOnClassPathOrNull(Ljava/lang/String;)Ljava/lang/Class; java.base@17.0.9 (64 bytes) @ 0x000001eaf48921b4 [0x000001eaf4891f00+0x00000000000002b4]
J 1065 c1 jdk.internal.loader.BuiltinClassLoader.loadClassOrNull(Ljava/lang/String;Z)Ljava/lang/Class; java.base@17.0.9 (143 bytes) @ 0x000001eaf47fc65c [0x000001eaf47fc200+0x000000000000045c]
J 1169 c1 jdk.internal.loader.ClassLoaders$AppClassLoader.loadClass(Ljava/lang/String;Z)Ljava/lang/Class; java.base@17.0.9 (40 bytes) @ 0x000001eaf482e7a4 [0x000001eaf482e660+0x0000000000000144]
J 1163 c1 java.lang.ClassLoader.loadClass(Ljava/lang/String;)Ljava/lang/Class; java.base@17.0.9 (7 bytes) @ 0x000001eaf482cf64 [0x000001eaf482cf20+0x0000000000000044]
v  ~StubRoutines::call_stub
j  com.mysql.cj.jdbc.ConnectionImpl.<init>(Lcom/mysql/cj/conf/HostInfo;)V+207
j  com.mysql.cj.jdbc.ConnectionImpl.getInstance(Lcom/mysql/cj/conf/HostInfo;)Lcom/mysql/cj/jdbc/JdbcConnection;+5
j  com.mysql.cj.jdbc.NonRegisteringDriver.connect(Ljava/lang/String;Ljava/util/Properties;)Ljava/sql/Connection;+72
j  com.zaxxer.hikari.util.DriverDataSource.getConnection(Ljava/lang/String;Ljava/lang/String;)Ljava/sql/Connection;+61
j  com.zaxxer.hikari.pool.PoolBase.newConnection()Ljava/sql/Connection;+49
j  com.zaxxer.hikari.pool.PoolBase.newPoolEntry()Lcom/zaxxer/hikari/pool/PoolEntry;+5
j  com.zaxxer.hikari.pool.HikariPool.createPoolEntry()Lcom/zaxxer/hikari/pool/PoolEntry;+1
j  com.zaxxer.hikari.pool.HikariPool.checkFailFast()V+20
j  com.zaxxer.hikari.pool.HikariPool.<init>(Lcom/zaxxer/hikari/HikariConfig;)V+127
j  com.zaxxer.hikari.HikariDataSource.getConnection()Ljava/sql/Connection;+82
j  org.hibernate.engine.jdbc.connections.internal.DatasourceConnectionProviderImpl.getConnection()Ljava/sql/Connection;+48
j  org.hibernate.engine.jdbc.env.internal.JdbcEnvironmentInitiator$ConnectionProviderJdbcConnectionAccess.obtainConnection()Ljava/sql/Connection;+4
j  org.hibernate.resource.transaction.backend.jdbc.internal.JdbcIsolationDelegate.delegateWork(Lorg/hibernate/jdbc/WorkExecutorVisitable;Z)Ljava/lang/Object;+6
j  org.hibernate.engine.jdbc.env.internal.JdbcEnvironmentInitiator.getJdbcEnvironmentUsingJdbcMetadata(Ljava/util/Map;Lorg/hibernate/service/spi/ServiceRegistryImplementor;Lorg/hibernate/engine/jdbc/dialect/spi/DialectFactory;Ljava/lang/String;Ljava/lang/Integer;Ljava/lang/Integer;Ljava/lang/String;)Lorg/hibernate/engine/jdbc/env/internal/JdbcEnvironmentImpl;+109
j  org.hibernate.engine.jdbc.env.internal.JdbcEnvironmentInitiator.initiateService(Ljava/util/Map;Lorg/hibernate/service/spi/ServiceRegistryImplementor;)Lorg/hibernate/engine/jdbc/env/spi/JdbcEnvironment;+123
j  org.hibernate.engine.jdbc.env.internal.JdbcEnvironmentInitiator.initiateService(Ljava/util/Map;Lorg/hibernate/service/spi/ServiceRegistryImplementor;)Lorg/hibernate/service/Service;+3
j  org.hibernate.boot.registry.internal.StandardServiceRegistryImpl.initiateService(Lorg/hibernate/service/spi/ServiceInitiator;)Lorg/hibernate/service/Service;+9
j  org.hibernate.service.internal.AbstractServiceRegistryImpl.createService(Lorg/hibernate/service/spi/ServiceBinding;)Lorg/hibernate/service/Service;+26
j  org.hibernate.service.internal.AbstractServiceRegistryImpl.initializeService(Lorg/hibernate/service/spi/ServiceBinding;)Lorg/hibernate/service/Service;+30
j  org.hibernate.service.internal.AbstractServiceRegistryImpl.getService(Ljava/lang/Class;)Lorg/hibernate/service/Service;+112
j  org.hibernate.boot.model.relational.Database.<init>(Lorg/hibernate/boot/spi/MetadataBuildingOptions;)V+10
j  org.hibernate.boot.internal.InFlightMetadataCollectorImpl.getDatabase()Lorg/hibernate/boot/model/relational/Database;+16
j  org.hibernate.boot.internal.InFlightMetadataCollectorImpl.<init>(Lorg/hibernate/boot/spi/BootstrapContext;Lorg/hibernate/boot/spi/MetadataBuildingOptions;)V+412
j  org.hibernate.boot.model.process.spi.MetadataBuildingProcess.complete(Lorg/hibernate/boot/model/process/spi/ManagedResources;Lorg/hibernate/boot/spi/BootstrapContext;Lorg/hibernate/boot/spi/MetadataBuildingOptions;)Lorg/hibernate/boot/spi/MetadataImplementor;+6
j  org.hibernate.jpa.boot.internal.EntityManagerFactoryBuilderImpl.metadata()Lorg/hibernate/boot/spi/MetadataImplementor;+30
j  org.hibernate.jpa.boot.internal.EntityManagerFactoryBuilderImpl.build()Ljakarta/persistence/EntityManagerFactory;+3
j  org.springframework.orm.jpa.vendor.SpringHibernateJpaPersistenceProvider.createContainerEntityManagerFactory(Ljakarta/persistence/spi/PersistenceUnitInfo;Ljava/util/Map;)Ljakarta/persistence/EntityManagerFactory;+59
j  org.springframework.orm.jpa.LocalContainerEntityManagerFactoryBean.createNativeEntityManagerFactory()Ljakarta/persistence/EntityManagerFactory;+111
j  org.springframework.orm.jpa.AbstractEntityManagerFactoryBean.buildNativeEntityManagerFactory()Ljakarta/persistence/EntityManagerFactory;+1
j  org.springframework.orm.jpa.AbstractEntityManagerFactoryBean.afterPropertiesSet()V+192
j  org.springframework.orm.jpa.LocalContainerEntityManagerFactoryBean.afterPropertiesSet()V+81
j  org.springframework.beans.factory.support.AbstractAutowireCapableBeanFactory.invokeInitMethods(Ljava/lang/String;Ljava/lang/Object;Lorg/springframework/beans/factory/support/RootBeanDefinition;)V+56
j  org.springframework.beans.factory.support.AbstractAutowireCapableBeanFactory.initializeBean(Ljava/lang/String;Ljava/lang/Object;Lorg/springframework/beans/factory/support/RootBeanDefinition;)Ljava/lang/Object;+34
j  org.springframework.beans.factory.support.AbstractAutowireCapableBeanFactory.doCreateBean(Ljava/lang/String;Lorg/springframework/beans/factory/support/RootBeanDefinition;[Ljava/lang/Object;)Ljava/lang/Object;+228
j  org.springframework.beans.factory.support.AbstractAutowireCapableBeanFactory.createBean(Ljava/lang/String;Lorg/springframework/beans/factory/support/RootBeanDefinition;[Ljava/lang/Object;)Ljava/lang/Object;+153
j  org.springframework.beans.factory.support.AbstractBeanFactory.lambda$doGetBean$0(Ljava/lang/String;Lorg/springframework/beans/factory/support/RootBeanDefinition;[Ljava/lang/Object;)Ljava/lang/Object;+4
j  org.springframework.beans.factory.support.AbstractBeanFactory$$Lambda$448+0x000001ea81281eb8.getObject()Ljava/lang/Object;+16
j  org.springframework.beans.factory.support.DefaultSingletonBeanRegistry.getSingleton(Ljava/lang/String;Lorg/springframework/beans/factory/ObjectFactory;)Ljava/lang/Object;+683
J 3353 c1 org.springframework.beans.factory.support.AbstractBeanFactory.doGetBean(Ljava/lang/String;Ljava/lang/Class;[Ljava/lang/Object;Z)Ljava/lang/Object; (787 bytes) @ 0x000001eaf4c35b5c [0x000001eaf4c35580+0x00000000000005dc]
J 3357 c1 org.springframework.beans.factory.support.AbstractBeanFactory.getBean(Ljava/lang/String;Ljava/lang/Class;)Ljava/lang/Object; (9 bytes) @ 0x000001eaf4c32ae4 [0x000001eaf4c32aa0+0x0000000000000044]
j  org.springframework.context.support.AbstractApplicationContext.finishBeanFactoryInitialization(Lorg/springframework/beans/factory/config/ConfigurableListableBeanFactory;)V+220
j  org.springframework.context.support.AbstractApplicationContext.refresh()V+94
j  org.springframework.boot.web.servlet.context.ServletWebServerApplicationContext.refresh()V+1
j  org.springframework.boot.SpringApplication.refresh(Lorg/springframework/context/ConfigurableApplicationContext;)V+1
j  org.springframework.boot.SpringApplication.refreshContext(Lorg/springframework/context/ConfigurableApplicationContext;)V+19
j  org.springframework.boot.SpringApplication.run([Ljava/lang/String;)Lorg/springframework/context/ConfigurableApplicationContext;+113
j  org.springframework.boot.SpringApplication.run([Ljava/lang/Class;[Ljava/lang/String;)Lorg/springframework/context/ConfigurableApplicationContext;+9
j  org.springframework.boot.SpringApplication.run(Ljava/lang/Class;[Ljava/lang/String;)Lorg/springframework/context/ConfigurableApplicationContext;+9
j  com.example.OnlineMovieStreamingSystem.OnlineMovieStreamingSystemApplication.main([Ljava/lang/String;)V+3
v  ~StubRoutines::call_stub

---------------  P R O C E S S  ---------------

Threads class SMR info:
_java_thread_list=0x000001eaff8e4d00, length=23, elements={
0x000001eaecc5ff10, 0x000001eafef8f160, 0x000001eafef92250, 0x000001eafefa63a0,
0x000001eafefa6e70, 0x000001eafefa9f60, 0x000001eafefaa830, 0x000001eafefad1c0,
0x000001eafefaeae0, 0x000001eafef7e7c0, 0x000001eaff8e2c10, 0x000001eac54df360,
0x000001eac54df840, 0x000001eac55d4bf0, 0x000001eac593ebf0, 0x000001eac51a2ce0,
0x000001eac59a8870, 0x000001eac5ca2830, 0x000001eac5e872f0, 0x000001eac5c9faa0,
0x000001eac5ca0ee0, 0x000001eac5ca13f0, 0x000001eac5ca1900
}

Java Threads: ( => current thread )
=>0x000001eaecc5ff10 JavaThread "main" [_thread_in_vm, id=25804, stack(0x000000137d100000,0x000000137d200000)]
  0x000001eafef8f160 JavaThread "Reference Handler" daemon [_thread_blocked, id=27452, stack(0x000000137d800000,0x000000137d900000)]
  0x000001eafef92250 JavaThread "Finalizer" daemon [_thread_blocked, id=18516, stack(0x000000137d900000,0x000000137da00000)]
  0x000001eafefa63a0 JavaThread "Signal Dispatcher" daemon [_thread_blocked, id=8784, stack(0x000000137da00000,0x000000137db00000)]
  0x000001eafefa6e70 JavaThread "Attach Listener" daemon [_thread_blocked, id=26996, stack(0x000000137db00000,0x000000137dc00000)]
  0x000001eafefa9f60 JavaThread "Service Thread" daemon [_thread_blocked, id=3368, stack(0x000000137dc00000,0x000000137dd00000)]
  0x000001eafefaa830 JavaThread "Monitor Deflation Thread" daemon [_thread_blocked, id=24692, stack(0x000000137dd00000,0x000000137de00000)]
  0x000001eafefad1c0 JavaThread "C1 CompilerThread0" daemon [_thread_blocked, id=7880, stack(0x000000137de00000,0x000000137df00000)]
  0x000001eafefaeae0 JavaThread "Sweeper thread" daemon [_thread_blocked, id=5956, stack(0x000000137df00000,0x000000137e000000)]
  0x000001eafef7e7c0 JavaThread "Common-Cleaner" daemon [_thread_blocked, id=6196, stack(0x000000137e000000,0x000000137e100000)]
  0x000001eaff8e2c10 JavaThread "C1 CompilerThread1" daemon [_thread_blocked, id=15684, stack(0x000000137e100000,0x000000137e200000)]
  0x000001eac54df360 JavaThread "Monitor Ctrl-Break" daemon [_thread_in_native, id=17940, stack(0x000000137e200000,0x000000137e300000)]
  0x000001eac54df840 JavaThread "Notification Thread" daemon [_thread_blocked, id=9368, stack(0x000000137e300000,0x000000137e400000)]
  0x000001eac55d4bf0 JavaThread "RMI TCP Accept-0" daemon [_thread_in_native, id=18024, stack(0x000000137e400000,0x000000137e500000)]
  0x000001eac593ebf0 JavaThread "RMI TCP Connection(1)-192.168.1.7" daemon [_thread_blocked, id=22108, stack(0x000000137e500000,0x000000137e600000)]
  0x000001eac51a2ce0 JavaThread "RMI Scheduler(0)" daemon [_thread_blocked, id=13224, stack(0x000000137ef00000,0x000000137f000000)]
  0x000001eac59a8870 JavaThread "JMX server connection timeout 28" daemon [_thread_blocked, id=11228, stack(0x000000137f000000,0x000000137f100000)]
  0x000001eac5ca2830 JavaThread "RMI TCP Connection(2)-192.168.1.7" daemon [_thread_blocked, id=5236, stack(0x000000137f200000,0x000000137f300000)]
  0x000001eac5e872f0 JavaThread "C1 CompilerThread2" daemon [_thread_blocked, id=23904, stack(0x000000137f600000,0x000000137f700000)]
  0x000001eac5c9faa0 JavaThread "Catalina-utility-1" [_thread_blocked, id=27500, stack(0x000000137f900000,0x000000137fa00000)]
  0x000001eac5ca0ee0 JavaThread "Catalina-utility-2" [_thread_blocked, id=23512, stack(0x000000137fa00000,0x000000137fb00000)]
  0x000001eac5ca13f0 JavaThread "container-0" [_thread_blocked, id=9276, stack(0x000000137fb00000,0x000000137fc00000)]
  0x000001eac5ca1900 JavaThread "mysql-cj-abandoned-connection-cleanup" daemon [_thread_blocked, id=20740, stack(0x000000137fc00000,0x000000137fd00000)]

Other Threads:
  0x000001eafef8b370 VMThread "VM Thread" [stack: 0x000000137d700000,0x000000137d800000] [id=21420] _threads_hazard_ptr=0x000001eaff8e4d00
  0x000001eaeccf8830 WatcherThread [stack: 0x000000137e600000,0x000000137e700000] [id=4484]
  0x000001eaeccbf670 GCTaskThread "GC Thread#0" [stack: 0x000000137d200000,0x000000137d300000] [id=17660]
  0x000001eac5937cd0 GCTaskThread "GC Thread#1" [stack: 0x000000137e700000,0x000000137e800000] [id=25552]
  0x000001eac595d160 GCTaskThread "GC Thread#2" [stack: 0x000000137e800000,0x000000137e900000] [id=20616]
  0x000001eac597df00 GCTaskThread "GC Thread#3" [stack: 0x000000137e900000,0x000000137ea00000] [id=20500]
  0x000001eac597e5d0 GCTaskThread "GC Thread#4" [stack: 0x000000137ea00000,0x000000137eb00000] [id=27232]
  0x000001eac59828a0 GCTaskThread "GC Thread#5" [stack: 0x000000137eb00000,0x000000137ec00000] [id=23756]
  0x000001eac5982b60 GCTaskThread "GC Thread#6" [stack: 0x000000137ec00000,0x000000137ed00000] [id=8952]
  0x000001eac5983630 GCTaskThread "GC Thread#7" [stack: 0x000000137ed00000,0x000000137ee00000] [id=23420]
  0x000001eac5983b00 GCTaskThread "GC Thread#8" [stack: 0x000000137ee00000,0x000000137ef00000] [id=6948]
  0x000001eac5a90310 GCTaskThread "GC Thread#9" [stack: 0x000000137f100000,0x000000137f200000] [id=16832]
  0x000001eac5c21a30 GCTaskThread "GC Thread#10" [stack: 0x000000137f300000,0x000000137f400000] [id=23928]
  0x000001eac5c45b20 GCTaskThread "GC Thread#11" [stack: 0x000000137f400000,0x000000137f500000] [id=19824]
  0x000001eac5bcc630 GCTaskThread "GC Thread#12" [stack: 0x000000137f500000,0x000000137f600000] [id=26668]
  0x000001eaeccd0060 ConcurrentGCThread "G1 Main Marker" [stack: 0x000000137d300000,0x000000137d400000] [id=15024]
  0x000001eaeccd34a0 ConcurrentGCThread "G1 Conc#0" [stack: 0x000000137d400000,0x000000137d500000] [id=8308]
  0x000001eac610aba0 ConcurrentGCThread "G1 Conc#1" [stack: 0x000000137f700000,0x000000137f800000] [id=21172]
  0x000001eac62ae720 ConcurrentGCThread "G1 Conc#2" [stack: 0x000000137f800000,0x000000137f900000] [id=2008]
  0x000001eafee41080 ConcurrentGCThread "G1 Refine#0" [stack: 0x000000137d500000,0x000000137d600000] [id=11568]
  0x000001eafee41860 ConcurrentGCThread "G1 Service" [stack: 0x000000137d600000,0x000000137d700000] [id=13156]

Threads with active compile tasks:

VM state: synchronizing (normal execution)

VM Mutex/Monitor currently owned by a thread:  ([mutex/lock_event])
[0x000001eaeaac2eb0] Metaspace_lock - owner thread: 0x000001eaecc5ff10
[0x000001eaeaac2fd0] Threads_lock - owner thread: 0x000001eafef8b370

Heap address: 0x0000000083600000, size: 1994 MB, Compressed Oops mode: 32-bit

CDS archive(s) mapped at: [0x000001ea80000000-0x000001ea80bd0000-0x000001ea80bd0000), size 12386304, SharedBaseAddress: 0x000001ea80000000, ArchiveRelocationMode: 1.
Compressed class space mapped at: 0x000001ea81000000-0x000001eac1000000, reserved size: 1073741824
Narrow klass base: 0x000001ea80000000, Narrow klass shift: 0, Narrow klass range: 0x100000000

GC Precious Log:
 CPUs: 16 total, 16 available
 Memory: 7971M
 Large Page Support: Disabled
 NUMA Support: Disabled
 Compressed Oops: Enabled (32-bit)
 Heap Region Size: 1M
 Heap Min Capacity: 8M
 Heap Initial Capacity: 126M
 Heap Max Capacity: 1994M
 Pre-touch: Disabled
 Parallel Workers: 13
 Concurrent Workers: 3
 Concurrent Refinement Workers: 13
 Periodic GC: Disabled

Heap:
 garbage-first heap   total 109568K, used 48002K [0x0000000083600000, 0x0000000100000000)
  region size 1024K, 18 young (18432K), 4 survivors (4096K)
 Metaspace       used 46792K, committed 47232K, reserved 1114112K
  class space    used 6641K, committed 6848K, reserved 1048576K

Heap Regions: E=young(eden), S=young(survivor), O=old, HS=humongous(starts), HC=humongous(continues), CS=collection set, F=free, OA=open archive, CA=closed archive, TAMS=top-at-mark-start (previous, next)
|   0|0x0000000083600000, 0x0000000083700000, 0x0000000083700000|100%|HS|  |TAMS 0x0000000083700000, 0x0000000083600000| Complete 
|   1|0x0000000083700000, 0x0000000083800000, 0x0000000083800000|100%|HS|  |TAMS 0x0000000083800000, 0x0000000083700000| Complete 
|   2|0x0000000083800000, 0x0000000083900000, 0x0000000083900000|100%|HS|  |TAMS 0x0000000083900000, 0x0000000083800000| Complete 
|   3|0x0000000083900000, 0x0000000083a00000, 0x0000000083a00000|100%| O|  |TAMS 0x0000000083a00000, 0x0000000083900000| Untracked 
|   4|0x0000000083a00000, 0x0000000083b00000, 0x0000000083b00000|100%| O|  |TAMS 0x0000000083b00000, 0x0000000083a00000| Untracked 
|   5|0x0000000083b00000, 0x0000000083c00000, 0x0000000083c00000|100%| O|  |TAMS 0x0000000083c00000, 0x0000000083b00000| Untracked 
|   6|0x0000000083c00000, 0x0000000083d00000, 0x0000000083d00000|100%| O|  |TAMS 0x0000000083d00000, 0x0000000083c00000| Untracked 
|   7|0x0000000083d00000, 0x0000000083e00000, 0x0000000083e00000|100%| O|  |TAMS 0x0000000083e00000, 0x0000000083d00000| Untracked 
|   8|0x0000000083e00000, 0x0000000083f00000, 0x0000000083f00000|100%| O|  |TAMS 0x0000000083f00000, 0x0000000083e00000| Untracked 
|   9|0x0000000083f00000, 0x0000000084000000, 0x0000000084000000|100%| O|  |TAMS 0x0000000084000000, 0x0000000083f00000| Untracked 
|  10|0x0000000084000000, 0x0000000084100000, 0x0000000084100000|100%| O|  |TAMS 0x0000000084100000, 0x0000000084000000| Untracked 
|  11|0x0000000084100000, 0x00000000841ec000, 0x0000000084200000| 92%| O|  |TAMS 0x00000000841ec000, 0x0000000084100000| Untracked 
|  12|0x0000000084200000, 0x0000000084300000, 0x0000000084300000|100%| O|  |TAMS 0x0000000084300000, 0x0000000084200000| Untracked 
|  13|0x0000000084300000, 0x0000000084400000, 0x0000000084400000|100%| O|  |TAMS 0x0000000084400000, 0x0000000084300000| Untracked 
|  14|0x0000000084400000, 0x0000000084500000, 0x0000000084500000|100%| O|  |TAMS 0x0000000084500000, 0x0000000084400000| Untracked 
|  15|0x0000000084500000, 0x0000000084600000, 0x0000000084600000|100%| O|  |TAMS 0x0000000084600000, 0x0000000084500000| Untracked 
|  16|0x0000000084600000, 0x0000000084600000, 0x0000000084700000|  0%| F|  |TAMS 0x0000000084600000, 0x0000000084600000| Untracked 
|  17|0x0000000084700000, 0x0000000084800000, 0x0000000084800000|100%| O|  |TAMS 0x0000000084800000, 0x0000000084700000| Untracked 
|  18|0x0000000084800000, 0x0000000084900000, 0x0000000084900000|100%| O|  |TAMS 0x0000000084900000, 0x0000000084800000| Untracked 
|  19|0x0000000084900000, 0x0000000084a00000, 0x0000000084a00000|100%| O|  |TAMS 0x0000000084a00000, 0x0000000084900000| Untracked 
|  20|0x0000000084a00000, 0x0000000084b00000, 0x0000000084b00000|100%| O|  |TAMS 0x0000000084b00000, 0x0000000084a00000| Untracked 
|  21|0x0000000084b00000, 0x0000000084c00000, 0x0000000084c00000|100%| O|  |TAMS 0x0000000084c00000, 0x0000000084b00000| Untracked 
|  22|0x0000000084c00000, 0x0000000084d00000, 0x0000000084d00000|100%| O|  |TAMS 0x0000000084d00000, 0x0000000084c00000| Untracked 
|  23|0x0000000084d00000, 0x0000000084e00000, 0x0000000084e00000|100%| O|  |TAMS 0x0000000084e00000, 0x0000000084d00000| Untracked 
|  24|0x0000000084e00000, 0x0000000084f00000, 0x0000000084f00000|100%| O|  |TAMS 0x0000000084e00000, 0x0000000084e00000| Untracked 
|  25|0x0000000084f00000, 0x0000000085000000, 0x0000000085000000|100%| O|  |TAMS 0x0000000084f00000, 0x0000000084f00000| Untracked 
|  26|0x0000000085000000, 0x0000000085100000, 0x0000000085100000|100%| O|  |TAMS 0x0000000085000000, 0x0000000085000000| Untracked 
|  27|0x0000000085100000, 0x0000000085200000, 0x0000000085200000|100%| O|  |TAMS 0x0000000085100000, 0x0000000085100000| Untracked 
|  28|0x0000000085200000, 0x0000000085300000, 0x0000000085300000|100%| O|  |TAMS 0x0000000085200000, 0x0000000085200000| Untracked 
|  29|0x0000000085300000, 0x0000000085400000, 0x0000000085400000|100%| O|  |TAMS 0x0000000085300000, 0x0000000085300000| Untracked 
|  30|0x0000000085400000, 0x00000000854f8a00, 0x0000000085500000| 97%| O|  |TAMS 0x00000000854f8a00, 0x0000000085400000| Untracked 
|  31|0x0000000085500000, 0x0000000085592e00, 0x0000000085600000| 57%| O|  |TAMS 0x0000000085500000, 0x0000000085500000| Untracked 
|  32|0x0000000085600000, 0x0000000085600000, 0x0000000085700000|  0%| F|  |TAMS 0x0000000085600000, 0x0000000085600000| Untracked 
|  33|0x0000000085700000, 0x0000000085700000, 0x0000000085800000|  0%| F|  |TAMS 0x0000000085700000, 0x0000000085700000| Untracked 
|  34|0x0000000085800000, 0x0000000085800000, 0x0000000085900000|  0%| F|  |TAMS 0x0000000085800000, 0x0000000085800000| Untracked 
|  35|0x0000000085900000, 0x0000000085900000, 0x0000000085a00000|  0%| F|  |TAMS 0x0000000085900000, 0x0000000085900000| Untracked 
|  36|0x0000000085a00000, 0x0000000085a00000, 0x0000000085b00000|  0%| F|  |TAMS 0x0000000085a00000, 0x0000000085a00000| Untracked 
|  37|0x0000000085b00000, 0x0000000085b00000, 0x0000000085c00000|  0%| F|  |TAMS 0x0000000085b00000, 0x0000000085b00000| Untracked 
|  38|0x0000000085c00000, 0x0000000085c00000, 0x0000000085d00000|  0%| F|  |TAMS 0x0000000085c00000, 0x0000000085c00000| Untracked 
|  39|0x0000000085d00000, 0x0000000085d69330, 0x0000000085e00000| 41%| S|CS|TAMS 0x0000000085d00000, 0x0000000085d00000| Complete 
|  40|0x0000000085e00000, 0x0000000085f00000, 0x0000000085f00000|100%| S|CS|TAMS 0x0000000085e00000, 0x0000000085e00000| Complete 
|  41|0x0000000085f00000, 0x0000000086000000, 0x0000000086000000|100%| S|CS|TAMS 0x0000000085f00000, 0x0000000085f00000| Complete 
|  42|0x0000000086000000, 0x0000000086100000, 0x0000000086100000|100%| S|CS|TAMS 0x0000000086000000, 0x0000000086000000| Complete 
|  43|0x0000000086100000, 0x0000000086100000, 0x0000000086200000|  0%| F|  |TAMS 0x0000000086100000, 0x0000000086100000| Untracked 
|  44|0x0000000086200000, 0x0000000086200000, 0x0000000086300000|  0%| F|  |TAMS 0x0000000086200000, 0x0000000086200000| Untracked 
|  45|0x0000000086300000, 0x0000000086300000, 0x0000000086400000|  0%| F|  |TAMS 0x0000000086300000, 0x0000000086300000| Untracked 
|  46|0x0000000086400000, 0x0000000086400000, 0x0000000086500000|  0%| F|  |TAMS 0x0000000086400000, 0x0000000086400000| Untracked 
|  47|0x0000000086500000, 0x0000000086500000, 0x0000000086600000|  0%| F|  |TAMS 0x0000000086500000, 0x0000000086500000| Untracked 
|  48|0x0000000086600000, 0x0000000086600000, 0x0000000086700000|  0%| F|  |TAMS 0x0000000086600000, 0x0000000086600000| Untracked 
|  49|0x0000000086700000, 0x0000000086700000, 0x0000000086800000|  0%| F|  |TAMS 0x0000000086700000, 0x0000000086700000| Untracked 
|  50|0x0000000086800000, 0x0000000086800000, 0x0000000086900000|  0%| F|  |TAMS 0x0000000086800000, 0x0000000086800000| Untracked 
|  51|0x0000000086900000, 0x0000000086900000, 0x0000000086a00000|  0%| F|  |TAMS 0x0000000086900000, 0x0000000086900000| Untracked 
|  52|0x0000000086a00000, 0x0000000086a00000, 0x0000000086b00000|  0%| F|  |TAMS 0x0000000086a00000, 0x0000000086a00000| Untracked 
|  53|0x0000000086b00000, 0x0000000086b00000, 0x0000000086c00000|  0%| F|  |TAMS 0x0000000086b00000, 0x0000000086b00000| Untracked 
|  54|0x0000000086c00000, 0x0000000086c00000, 0x0000000086d00000|  0%| F|  |TAMS 0x0000000086c00000, 0x0000000086c00000| Untracked 
|  55|0x0000000086d00000, 0x0000000086d00000, 0x0000000086e00000|  0%| F|  |TAMS 0x0000000086d00000, 0x0000000086d00000| Untracked 
|  56|0x0000000086e00000, 0x0000000086e00000, 0x0000000086f00000|  0%| F|  |TAMS 0x0000000086e00000, 0x0000000086e00000| Untracked 
|  57|0x0000000086f00000, 0x0000000086f00000, 0x0000000087000000|  0%| F|  |TAMS 0x0000000086f00000, 0x0000000086f00000| Untracked 
|  58|0x0000000087000000, 0x0000000087000000, 0x0000000087100000|  0%| F|  |TAMS 0x0000000087000000, 0x0000000087000000| Untracked 
|  59|0x0000000087100000, 0x0000000087100000, 0x0000000087200000|  0%| F|  |TAMS 0x0000000087100000, 0x0000000087100000| Untracked 
|  60|0x0000000087200000, 0x0000000087200000, 0x0000000087300000|  0%| F|  |TAMS 0x0000000087200000, 0x0000000087200000| Untracked 
|  61|0x0000000087300000, 0x0000000087300000, 0x0000000087400000|  0%| F|  |TAMS 0x0000000087300000, 0x0000000087300000| Untracked 
|  62|0x0000000087400000, 0x0000000087400000, 0x0000000087500000|  0%| F|  |TAMS 0x0000000087400000, 0x0000000087400000| Untracked 
|  63|0x0000000087500000, 0x0000000087500000, 0x0000000087600000|  0%| F|  |TAMS 0x0000000087500000, 0x0000000087500000| Untracked 
|  64|0x0000000087600000, 0x0000000087600000, 0x0000000087700000|  0%| F|  |TAMS 0x0000000087600000, 0x0000000087600000| Untracked 
|  65|0x0000000087700000, 0x0000000087700000, 0x0000000087800000|  0%| F|  |TAMS 0x0000000087700000, 0x0000000087700000| Untracked 
|  66|0x0000000087800000, 0x0000000087800000, 0x0000000087900000|  0%| F|  |TAMS 0x0000000087800000, 0x0000000087800000| Untracked 
|  67|0x0000000087900000, 0x0000000087900000, 0x0000000087a00000|  0%| F|  |TAMS 0x0000000087900000, 0x0000000087900000| Untracked 
|  68|0x0000000087a00000, 0x0000000087a00000, 0x0000000087b00000|  0%| F|  |TAMS 0x0000000087a00000, 0x0000000087a00000| Untracked 
|  69|0x0000000087b00000, 0x0000000087b00000, 0x0000000087c00000|  0%| F|  |TAMS 0x0000000087b00000, 0x0000000087b00000| Untracked 
|  70|0x0000000087c00000, 0x0000000087c00000, 0x0000000087d00000|  0%| F|  |TAMS 0x0000000087c00000, 0x0000000087c00000| Untracked 
|  71|0x0000000087d00000, 0x0000000087d00000, 0x0000000087e00000|  0%| F|  |TAMS 0x0000000087d00000, 0x0000000087d00000| Untracked 
|  72|0x0000000087e00000, 0x0000000087e00000, 0x0000000087f00000|  0%| F|  |TAMS 0x0000000087e00000, 0x0000000087e00000| Untracked 
|  73|0x0000000087f00000, 0x0000000087f00000, 0x0000000088000000|  0%| F|  |TAMS 0x0000000087f00000, 0x0000000087f00000| Untracked 
|  74|0x0000000088000000, 0x0000000088000000, 0x0000000088100000|  0%| F|  |TAMS 0x0000000088000000, 0x0000000088000000| Untracked 
|  75|0x0000000088100000, 0x0000000088100000, 0x0000000088200000|  0%| F|  |TAMS 0x0000000088100000, 0x0000000088100000| Untracked 
|  76|0x0000000088200000, 0x0000000088200000, 0x0000000088300000|  0%| F|  |TAMS 0x0000000088200000, 0x0000000088200000| Untracked 
|  77|0x0000000088300000, 0x0000000088300000, 0x0000000088400000|  0%| F|  |TAMS 0x0000000088300000, 0x0000000088300000| Untracked 
|  78|0x0000000088400000, 0x0000000088400000, 0x0000000088500000|  0%| F|  |TAMS 0x0000000088400000, 0x0000000088400000| Untracked 
|  79|0x0000000088500000, 0x0000000088500000, 0x0000000088600000|  0%| F|  |TAMS 0x0000000088500000, 0x0000000088500000| Untracked 
|  80|0x0000000088600000, 0x0000000088600000, 0x0000000088700000|  0%| F|  |TAMS 0x0000000088600000, 0x0000000088600000| Untracked 
|  81|0x0000000088700000, 0x0000000088700000, 0x0000000088800000|  0%| F|  |TAMS 0x0000000088700000, 0x0000000088700000| Untracked 
|  82|0x0000000088800000, 0x0000000088800000, 0x0000000088900000|  0%| F|  |TAMS 0x0000000088800000, 0x0000000088800000| Untracked 
|  83|0x0000000088900000, 0x0000000088900000, 0x0000000088a00000|  0%| F|  |TAMS 0x0000000088900000, 0x0000000088900000| Untracked 
|  84|0x0000000088a00000, 0x0000000088a00000, 0x0000000088b00000|  0%| F|  |TAMS 0x0000000088a00000, 0x0000000088a00000| Untracked 
|  85|0x0000000088b00000, 0x0000000088b00000, 0x0000000088c00000|  0%| F|  |TAMS 0x0000000088b00000, 0x0000000088b00000| Untracked 
|  86|0x0000000088c00000, 0x0000000088c00000, 0x0000000088d00000|  0%| F|  |TAMS 0x0000000088c00000, 0x0000000088c00000| Untracked 
|  87|0x0000000088d00000, 0x0000000088d00000, 0x0000000088e00000|  0%| F|  |TAMS 0x0000000088d00000, 0x0000000088d00000| Untracked 
|  88|0x0000000088e00000, 0x0000000088e00000, 0x0000000088f00000|  0%| F|  |TAMS 0x0000000088e00000, 0x0000000088e00000| Untracked 
|  89|0x0000000088f00000, 0x0000000088f00000, 0x0000000089000000|  0%| F|  |TAMS 0x0000000088f00000, 0x0000000088f00000| Untracked 
|  90|0x0000000089000000, 0x0000000089000000, 0x0000000089100000|  0%| F|  |TAMS 0x0000000089000000, 0x0000000089000000| Untracked 
|  91|0x0000000089100000, 0x0000000089100000, 0x0000000089200000|  0%| F|  |TAMS 0x0000000089100000, 0x0000000089100000| Untracked 
|  92|0x0000000089200000, 0x0000000089200000, 0x0000000089300000|  0%| F|  |TAMS 0x0000000089200000, 0x0000000089200000| Untracked 
|  93|0x0000000089300000, 0x000000008930a820, 0x0000000089400000|  4%| E|  |TAMS 0x0000000089300000, 0x0000000089300000| Complete 
|  94|0x0000000089400000, 0x0000000089500000, 0x0000000089500000|100%| E|CS|TAMS 0x0000000089400000, 0x0000000089400000| Complete 
|  95|0x0000000089500000, 0x0000000089600000, 0x0000000089600000|100%| E|CS|TAMS 0x0000000089500000, 0x0000000089500000| Complete 
|  96|0x0000000089600000, 0x0000000089700000, 0x0000000089700000|100%| E|CS|TAMS 0x0000000089600000, 0x0000000089600000| Complete 
|  97|0x0000000089700000, 0x0000000089800000, 0x0000000089800000|100%| E|CS|TAMS 0x0000000089700000, 0x0000000089700000| Complete 
|  98|0x0000000089800000, 0x0000000089900000, 0x0000000089900000|100%| E|CS|TAMS 0x0000000089800000, 0x0000000089800000| Complete 
|  99|0x0000000089900000, 0x0000000089a00000, 0x0000000089a00000|100%| E|CS|TAMS 0x0000000089900000, 0x0000000089900000| Complete 
| 100|0x0000000089a00000, 0x0000000089b00000, 0x0000000089b00000|100%| E|CS|TAMS 0x0000000089a00000, 0x0000000089a00000| Complete 
| 101|0x0000000089b00000, 0x0000000089c00000, 0x0000000089c00000|100%| E|CS|TAMS 0x0000000089b00000, 0x0000000089b00000| Complete 
| 102|0x0000000089c00000, 0x0000000089d00000, 0x0000000089d00000|100%| E|CS|TAMS 0x0000000089c00000, 0x0000000089c00000| Complete 
| 103|0x0000000089d00000, 0x0000000089e00000, 0x0000000089e00000|100%| E|CS|TAMS 0x0000000089d00000, 0x0000000089d00000| Complete 
| 104|0x0000000089e00000, 0x0000000089f00000, 0x0000000089f00000|100%| E|CS|TAMS 0x0000000089e00000, 0x0000000089e00000| Complete 
| 105|0x0000000089f00000, 0x000000008a000000, 0x000000008a000000|100%| E|CS|TAMS 0x0000000089f00000, 0x0000000089f00000| Complete 
| 147|0x000000008c900000, 0x000000008ca00000, 0x000000008ca00000|100%| E|CS|TAMS 0x000000008c900000, 0x000000008c900000| Complete 

Card table byte_map: [0x000001eaf7f30000,0x000001eaf8320000] _byte_map_base: 0x000001eaf7b15000

Marking Bits (Prev, Next): (CMBitMap*) 0x000001eaeccbfc90, (CMBitMap*) 0x000001eaeccbfcd0
 Prev Bits: [0x000001eaf8710000, 0x000001eafa638000)
 Next Bits: [0x000001eafa640000, 0x000001eafc568000)

Polling page: 0x000001eaeabc0000

Metaspace:

Usage:
  Non-class:     39.21 MB used.
      Class:      6.49 MB used.
       Both:     45.70 MB used.

Virtual space:
  Non-class space:       64.00 MB reserved,      39.44 MB ( 62%) committed,  1 nodes.
      Class space:        1.00 GB reserved,       6.69 MB ( <1%) committed,  1 nodes.
             Both:        1.06 GB reserved,      46.12 MB (  4%) committed. 

Chunk freelists:
   Non-Class:  7.77 MB
       Class:  9.11 MB
        Both:  16.88 MB

MaxMetaspaceSize: unlimited
CompressedClassSpaceSize: 1.00 GB
Initial GC threshold: 21.00 MB
Current GC threshold: 59.00 MB
CDS: on
MetaspaceReclaimPolicy: balanced
 - commit_granule_bytes: 65536.
 - commit_granule_words: 8192.
 - virtual_space_node_default_size: 8388608.
 - enlarge_chunks_in_place: 1.
 - new_chunks_are_fully_committed: 0.
 - uncommit_free_chunks: 1.
 - use_allocation_guard: 0.
 - handle_deallocations: 1.


Internal statistics:

num_allocs_failed_limit: 6.
num_arena_births: 692.
num_arena_deaths: 0.
num_vsnodes_births: 2.
num_vsnodes_deaths: 0.
num_space_committed: 738.
num_space_uncommitted: 0.
num_chunks_returned_to_freelist: 6.
num_chunks_taken_from_freelist: 2424.
num_chunk_merges: 6.
num_chunk_splits: 1696.
num_chunks_enlarged: 1263.
num_inconsistent_stats: 0.

CodeCache: size=49152Kb used=10093Kb max_used=10093Kb free=39058Kb
 bounds [0x000001eaf44e0000, 0x000001eaf4ec0000, 0x000001eaf74e0000]
 total_blobs=5558 nmethods=5004 adapters=479
 compilation: enabled
              stopped_count=0, restarted_count=0
 full_count=0

Compilation events (20 events):
Event: 6.089 Thread 0x000001eafefad1c0 4995       1       com.mysql.cj.conf.AbstractPropertyDefinition::getDefaultValue (5 bytes)
Event: 6.089 Thread 0x000001eac5e872f0 4996       1       com.mysql.cj.conf.AbstractRuntimeProperty::getPropertyDefinition (5 bytes)
Event: 6.089 Thread 0x000001eafefad1c0 nmethod 4995 0x000001eaf4eb9290 code [0x000001eaf4eb9420, 0x000001eaf4eb94f8]
Event: 6.089 Thread 0x000001eac5e872f0 nmethod 4996 0x000001eaf4eb9590 code [0x000001eaf4eb9720, 0x000001eaf4eb97f8]
Event: 6.089 Thread 0x000001eac5e872f0 4997       1       com.mysql.cj.conf.AbstractPropertyDefinition::getName (5 bytes)
Event: 6.089 Thread 0x000001eafefad1c0 4998       1       com.mysql.cj.conf.AbstractPropertyDefinition::getCcAlias (5 bytes)
Event: 6.089 Thread 0x000001eac5e872f0 nmethod 4997 0x000001eaf4eb9890 code [0x000001eaf4eb9a20, 0x000001eaf4eb9af8]
Event: 6.089 Thread 0x000001eafefad1c0 nmethod 4998 0x000001eaf4eb9b90 code [0x000001eaf4eb9d20, 0x000001eaf4eb9df8]
Event: 6.485 Thread 0x000001eac5e872f0 4999       1       java.io.ObjectInputStream::readLong (8 bytes)
Event: 6.485 Thread 0x000001eaff8e2c10 5000       1       java.io.ObjectInputStream$BlockDataInputStream::readLong (76 bytes)
Event: 6.485 Thread 0x000001eac5e872f0 nmethod 4999 0x000001eaf4eb9e90 code [0x000001eaf4eba020, 0x000001eaf4eba108]
Event: 6.485 Thread 0x000001eaff8e2c10 nmethod 5000 0x000001eaf4eba190 code [0x000001eaf4eba340, 0x000001eaf4eba4e8]
Event: 6.486 Thread 0x000001eaff8e2c10 5001       1       java.io.ObjectOutputStream::writeLong (9 bytes)
Event: 6.486 Thread 0x000001eafefad1c0 5002       1       java.io.ObjectOutputStream$BlockDataOutputStream::writeLong (48 bytes)
Event: 6.486 Thread 0x000001eaff8e2c10 nmethod 5001 0x000001eaf4eba610 code [0x000001eaf4eba7a0, 0x000001eaf4eba888]
Event: 6.486 Thread 0x000001eafefad1c0 nmethod 5002 0x000001eaf4eba910 code [0x000001eaf4ebaac0, 0x000001eaf4ebac38]
Event: 6.543 Thread 0x000001eac5e872f0 5003       1       java.io.ObjectInputStream$BlockDataInputStream::readShort (73 bytes)
Event: 6.543 Thread 0x000001eaff8e2c10 5004       1       java.lang.Math::min (12 bytes)
Event: 6.543 Thread 0x000001eaff8e2c10 nmethod 5004 0x000001eaf4ebad10 code [0x000001eaf4ebaea0, 0x000001eaf4ebaf58]
Event: 6.543 Thread 0x000001eac5e872f0 nmethod 5003 0x000001eaf4ebb010 code [0x000001eaf4ebb1c0, 0x000001eaf4ebb3b8]

GC Heap History (18 events):
Event: 0.848 GC heap before
{Heap before GC invocations=0 (full 0):
 garbage-first heap   total 129024K, used 26624K [0x0000000083600000, 0x0000000100000000)
  region size 1024K, 23 young (23552K), 0 survivors (0K)
 Metaspace       used 5966K, committed 6144K, reserved 1114112K
  class space    used 729K, committed 832K, reserved 1048576K
}
Event: 0.858 GC heap after
{Heap after GC invocations=1 (full 0):
 garbage-first heap   total 129024K, used 12173K [0x0000000083600000, 0x0000000100000000)
  region size 1024K, 3 young (3072K), 3 survivors (3072K)
 Metaspace       used 5966K, committed 6144K, reserved 1114112K
  class space    used 729K, committed 832K, reserved 1048576K
}
Event: 1.205 GC heap before
{Heap before GC invocations=1 (full 0):
 garbage-first heap   total 129024K, used 36749K [0x0000000083600000, 0x0000000100000000)
  region size 1024K, 23 young (23552K), 3 survivors (3072K)
 Metaspace       used 8654K, committed 8832K, reserved 1114112K
  class space    used 1074K, committed 1152K, reserved 1048576K
}
Event: 1.211 GC heap after
{Heap after GC invocations=2 (full 0):
 garbage-first heap   total 129024K, used 16265K [0x0000000083600000, 0x0000000100000000)
  region size 1024K, 3 young (3072K), 3 survivors (3072K)
 Metaspace       used 8654K, committed 8832K, reserved 1114112K
  class space    used 1074K, committed 1152K, reserved 1048576K
}
Event: 1.872 GC heap before
{Heap before GC invocations=2 (full 0):
 garbage-first heap   total 129024K, used 59273K [0x0000000083600000, 0x0000000100000000)
  region size 1024K, 45 young (46080K), 3 survivors (3072K)
 Metaspace       used 15382K, committed 15680K, reserved 1114112K
  class space    used 2167K, committed 2304K, reserved 1048576K
}
Event: 1.879 GC heap after
{Heap after GC invocations=3 (full 0):
 garbage-first heap   total 129024K, used 19284K [0x0000000083600000, 0x0000000100000000)
  region size 1024K, 6 young (6144K), 6 survivors (6144K)
 Metaspace       used 15382K, committed 15680K, reserved 1114112K
  class space    used 2167K, committed 2304K, reserved 1048576K
}
Event: 2.177 GC heap before
{Heap before GC invocations=3 (full 0):
 garbage-first heap   total 129024K, used 51028K [0x0000000083600000, 0x0000000100000000)
  region size 1024K, 39 young (39936K), 6 survivors (6144K)
 Metaspace       used 21279K, committed 21504K, reserved 1114112K
  class space    used 2909K, committed 3008K, reserved 1048576K
}
Event: 2.184 GC heap after
{Heap after GC invocations=4 (full 0):
 garbage-first heap   total 129024K, used 21146K [0x0000000083600000, 0x0000000100000000)
  region size 1024K, 5 young (5120K), 5 survivors (5120K)
 Metaspace       used 21279K, committed 21504K, reserved 1114112K
  class space    used 2909K, committed 3008K, reserved 1048576K
}
Event: 2.696 GC heap before
{Heap before GC invocations=5 (full 0):
 garbage-first heap   total 75776K, used 60058K [0x0000000083600000, 0x0000000100000000)
  region size 1024K, 44 young (45056K), 5 survivors (5120K)
 Metaspace       used 24748K, committed 25152K, reserved 1114112K
  class space    used 3379K, committed 3584K, reserved 1048576K
}
Event: 2.703 GC heap after
{Heap after GC invocations=6 (full 0):
 garbage-first heap   total 75776K, used 25120K [0x0000000083600000, 0x0000000100000000)
  region size 1024K, 6 young (6144K), 6 survivors (6144K)
 Metaspace       used 24748K, committed 25152K, reserved 1114112K
  class space    used 3379K, committed 3584K, reserved 1048576K
}
Event: 2.716 GC heap before
{Heap before GC invocations=6 (full 0):
 garbage-first heap   total 75776K, used 26144K [0x0000000083600000, 0x0000000100000000)
  region size 1024K, 7 young (7168K), 6 survivors (6144K)
 Metaspace       used 24829K, committed 25216K, reserved 1114112K
  class space    used 3385K, committed 3584K, reserved 1048576K
}
Event: 2.723 GC heap after
{Heap after GC invocations=7 (full 0):
 garbage-first heap   total 75776K, used 25490K [0x0000000083600000, 0x0000000100000000)
  region size 1024K, 1 young (1024K), 1 survivors (1024K)
 Metaspace       used 24829K, committed 25216K, reserved 1114112K
  class space    used 3385K, committed 3584K, reserved 1048576K
}
Event: 2.987 GC heap before
{Heap before GC invocations=7 (full 0):
 garbage-first heap   total 75776K, used 53138K [0x0000000083600000, 0x0000000100000000)
  region size 1024K, 28 young (28672K), 1 survivors (1024K)
 Metaspace       used 26794K, committed 27200K, reserved 1114112K
  class space    used 3636K, committed 3840K, reserved 1048576K
}
Event: 2.993 GC heap after
{Heap after GC invocations=8 (full 0):
 garbage-first heap   total 151552K, used 26794K [0x0000000083600000, 0x0000000100000000)
  region size 1024K, 3 young (3072K), 3 survivors (3072K)
 Metaspace       used 26794K, committed 27200K, reserved 1114112K
  class space    used 3636K, committed 3840K, reserved 1048576K
}
Event: 5.021 GC heap before
{Heap before GC invocations=8 (full 0):
 garbage-first heap   total 151552K, used 106666K [0x0000000083600000, 0x0000000100000000)
  region size 1024K, 83 young (84992K), 3 survivors (3072K)
 Metaspace       used 35686K, committed 36096K, reserved 1114112K
  class space    used 5011K, committed 5184K, reserved 1048576K
}
Event: 5.028 GC heap after
{Heap after GC invocations=9 (full 0):
 garbage-first heap   total 151552K, used 31391K [0x0000000083600000, 0x0000000100000000)
  region size 1024K, 7 young (7168K), 7 survivors (7168K)
 Metaspace       used 35686K, committed 36096K, reserved 1114112K
  class space    used 5011K, committed 5184K, reserved 1048576K
}
Event: 5.949 GC heap before
{Heap before GC invocations=10 (full 0):
 garbage-first heap   total 109568K, used 90783K [0x0000000083600000, 0x0000000100000000)
  region size 1024K, 64 young (65536K), 7 survivors (7168K)
 Metaspace       used 43893K, committed 44352K, reserved 1114112K
  class space    used 6238K, committed 6464K, reserved 1048576K
}
Event: 5.956 GC heap after
{Heap after GC invocations=11 (full 0):
 garbage-first heap   total 109568K, used 34690K [0x0000000083600000, 0x0000000100000000)
  region size 1024K, 4 young (4096K), 4 survivors (4096K)
 Metaspace       used 43893K, committed 44352K, reserved 1114112K
  class space    used 6238K, committed 6464K, reserved 1048576K
}

Deoptimization events (8 events):
Event: 1.868 Thread 0x000001eaecc5ff10 DEOPT PACKING pc=0x000001eaf4a00699 sp=0x000000137d1fd210
Event: 1.868 Thread 0x000001eaecc5ff10 DEOPT UNPACKING pc=0x000001eaf45366e3 sp=0x000000137d1fc6f0 mode 3
Event: 2.126 Thread 0x000001eaecc5ff10 DEOPT PACKING pc=0x000001eaf4b161d5 sp=0x000000137d1fd830
Event: 2.126 Thread 0x000001eaecc5ff10 DEOPT UNPACKING pc=0x000001eaf45366e3 sp=0x000000137d1fccd8 mode 3
Event: 2.454 Thread 0x000001eaecc5ff10 DEOPT PACKING pc=0x000001eaf4bc2e9d sp=0x000000137d1fe080
Event: 2.454 Thread 0x000001eaecc5ff10 DEOPT UNPACKING pc=0x000001eaf45366e3 sp=0x000000137d1fd5e8 mode 3
Event: 2.935 Thread 0x000001eaecc5ff10 DEOPT PACKING pc=0x000001eaf4978d9c sp=0x000000137d1fe270
Event: 2.935 Thread 0x000001eaecc5ff10 DEOPT UNPACKING pc=0x000001eaf45366e3 sp=0x000000137d1fd738 mode 0

Classes unloaded (0 events):
No events

Classes redefined (0 events):
No events

Internal exceptions (20 events):
Event: 4.791 Thread 0x000001eaecc5ff10 Exception <a 'java/lang/NoClassDefFoundError'{0x0000000088890f68}: org/quartz/Scheduler> (0x0000000088890f68) 
thrown [s\open\src\hotspot\share\classfile\systemDictionary.cpp, line 245]
Event: 4.792 Thread 0x000001eaecc5ff10 Exception <a 'java/lang/NoClassDefFoundError'{0x00000000888955f8}: org/springframework/session/jdbc/JdbcIndexedSessionRepository> (0x00000000888955f8) 
thrown [s\open\src\hotspot\share\classfile\systemDictionary.cpp, line 245]
Event: 4.827 Thread 0x000001eaecc5ff10 Exception <a 'java/lang/NoSuchMethodError'{0x000000008869ade8}: 'void java.lang.invoke.DirectMethodHandle$Holder.invokeSpecial(java.lang.Object, java.lang.Object, java.lang.Object, java.lang.Object, java.lang.Object, java.lang.Object)'> (0x000000008869ade8) 
thrown [s\open\src\hotspot\share\interpreter\linkResolver.cpp, line 759]
Event: 4.857 Thread 0x000001eaecc5ff10 Exception <a 'java/lang/IncompatibleClassChangeError'{0x0000000088462b90}: Found class java.lang.Object, but interface was expected> (0x0000000088462b90) 
thrown [s\open\src\hotspot\share\interpreter\linkResolver.cpp, line 826]
Event: 4.915 Thread 0x000001eac593ebf0 Exception <a 'java/lang/reflect/InvocationTargetException'{0x000000008af9f6a0}> (0x000000008af9f6a0) 
thrown [s\open\src\hotspot\share\runtime\reflection.cpp, line 1121]
Event: 5.029 Thread 0x000001eaecc5ff10 Exception <a 'java/lang/NoSuchMethodError'{0x000000008c908650}: 'void java.lang.invoke.DirectMethodHandle$Holder.invokeSpecial(java.lang.Object, java.lang.Object, java.lang.Object, java.lang.Object, java.lang.Object, java.lang.Object, java.lang.Object)'> (0x000000008c908650) 
thrown [s\open\src\hotspot\share\interpreter\linkResolver.cpp, line 759]
Event: 5.051 Thread 0x000001eaecc5ff10 Exception <a 'java/lang/NoSuchMethodError'{0x0000000089f55820}: 'void java.lang.invoke.DirectMethodHandle$Holder.invokeInterface(java.lang.Object, java.lang.Object, int)'> (0x0000000089f55820) 
thrown [s\open\src\hotspot\share\interpreter\linkResolver.cpp, line 759]
Event: 5.053 Thread 0x000001eaecc5ff10 Exception <a 'java/lang/IncompatibleClassChangeError'{0x0000000089fa6050}: Found class java.lang.Object, but interface was expected> (0x0000000089fa6050) 
thrown [s\open\src\hotspot\share\interpreter\linkResolver.cpp, line 826]
Event: 5.054 Thread 0x000001eaecc5ff10 Exception <a 'java/lang/NoSuchMethodError'{0x0000000089fc9490}: 'void java.lang.invoke.DirectMethodHandle$Holder.invokeStatic(java.lang.Object, int, java.lang.Object)'> (0x0000000089fc9490) 
thrown [s\open\src\hotspot\share\interpreter\linkResolver.cpp, line 759]
Event: 5.080 Thread 0x000001eaecc5ff10 Exception <a 'java/lang/NoSuchMethodError'{0x0000000089e8f7b0}: 'void java.lang.invoke.DirectMethodHandle$Holder.invokeVirtual(java.lang.Object, java.lang.Object, int)'> (0x0000000089e8f7b0) 
thrown [s\open\src\hotspot\share\interpreter\linkResolver.cpp, line 759]
Event: 5.080 Thread 0x000001eaecc5ff10 Exception <a 'java/lang/NoSuchMethodError'{0x0000000089e959f8}: 'void java.lang.invoke.DirectMethodHandle$Holder.invokeStatic(java.lang.Object, java.lang.Object, java.lang.Object, int, java.lang.Object)'> (0x0000000089e959f8) 
thrown [s\open\src\hotspot\share\interpreter\linkResolver.cpp, line 759]
Event: 5.081 Thread 0x000001eaecc5ff10 Exception <a 'java/lang/NoSuchMethodError'{0x0000000089e9cf00}: 'java.lang.Object java.lang.invoke.DirectMethodHandle$Holder.newInvokeSpecial(java.lang.Object, java.lang.Object, java.lang.Object, int)'> (0x0000000089e9cf00) 
thrown [s\open\src\hotspot\share\interpreter\linkResolver.cpp, line 759]
Event: 5.081 Thread 0x000001eaecc5ff10 Exception <a 'java/lang/NoSuchMethodError'{0x0000000089ea11e8}: 'java.lang.Object java.lang.invoke.DirectMethodHandle$Holder.invokeSpecial(java.lang.Object, java.lang.Object, java.lang.Object, java.lang.Object, int)'> (0x0000000089ea11e8) 
thrown [s\open\src\hotspot\share\interpreter\linkResolver.cpp, line 759]
Event: 5.081 Thread 0x000001eaecc5ff10 Exception <a 'java/lang/NoSuchMethodError'{0x0000000089ea4db0}: 'java.lang.Object java.lang.invoke.Invokers$Holder.linkToTargetMethod(java.lang.Object, java.lang.Object, int, java.lang.Object)'> (0x0000000089ea4db0) 
thrown [s\open\src\hotspot\share\interpreter\linkResolver.cpp, line 759]
Event: 5.285 Thread 0x000001eaecc5ff10 Exception <a 'java/io/FileNotFoundException'{0x00000000892ca3b8}> (0x00000000892ca3b8) 
thrown [s\open\src\hotspot\share\prims\jni.cpp, line 516]
Event: 5.444 Thread 0x000001eac5ca2830 Exception <a 'java/lang/reflect/InvocationTargetException'{0x0000000088da32e0}> (0x0000000088da32e0) 
thrown [s\open\src\hotspot\share\runtime\reflection.cpp, line 1121]
Event: 5.465 Thread 0x000001eaecc5ff10 Exception <a 'java/lang/NoSuchMethodError'{0x0000000088c3cb58}: 'int java.lang.invoke.DirectMethodHandle$Holder.invokeInterface(java.lang.Object, java.lang.Object, java.lang.Object, java.lang.Object)'> (0x0000000088c3cb58) 
thrown [s\open\src\hotspot\share\interpreter\linkResolver.cpp, line 759]
Event: 5.551 Thread 0x000001eaecc5ff10 Exception <a 'java/lang/NoSuchMethodError'{0x0000000088879f58}: 'long java.lang.invoke.DirectMethodHandle$Holder.invokeVirtual(java.lang.Object, java.lang.Object)'> (0x0000000088879f58) 
thrown [s\open\src\hotspot\share\interpreter\linkResolver.cpp, line 759]
Event: 5.644 Thread 0x000001eaecc5ff10 Exception <a 'sun/nio/fs/WindowsException'{0x0000000087fa3848}> (0x0000000087fa3848) 
thrown [s\open\src\hotspot\share\prims\jni.cpp, line 516]
Event: 5.970 Thread 0x000001eac593ebf0 Exception <a 'java/lang/reflect/InvocationTargetException'{0x0000000089faed10}> (0x0000000089faed10) 
thrown [s\open\src\hotspot\share\runtime\reflection.cpp, line 1121]

VM Operations (20 events):
Event: 5.140 Executing VM operation: HandshakeAllThreads done
Event: 5.209 Executing VM operation: HandshakeAllThreads
Event: 5.209 Executing VM operation: HandshakeAllThreads done
Event: 5.211 Executing VM operation: HandshakeAllThreads
Event: 5.211 Executing VM operation: HandshakeAllThreads done
Event: 5.269 Executing VM operation: HandshakeAllThreads
Event: 5.269 Executing VM operation: HandshakeAllThreads done
Event: 5.520 Executing VM operation: HandshakeAllThreads
Event: 5.520 Executing VM operation: HandshakeAllThreads done
Event: 5.521 Executing VM operation: HandshakeAllThreads
Event: 5.521 Executing VM operation: HandshakeAllThreads done
Event: 5.556 Executing VM operation: HandshakeAllThreads
Event: 5.556 Executing VM operation: HandshakeAllThreads done
Event: 5.557 Executing VM operation: HandshakeAllThreads
Event: 5.557 Executing VM operation: HandshakeAllThreads done
Event: 5.612 Executing VM operation: HandshakeAllThreads
Event: 5.612 Executing VM operation: HandshakeAllThreads done
Event: 5.949 Executing VM operation: G1CollectForAllocation
Event: 5.956 Executing VM operation: G1CollectForAllocation done
Event: 6.959 Executing VM operation: Cleanup

Events (20 events):
Event: 6.055 loading class java/util/concurrent/SynchronousQueue$TransferQueue$QNode
Event: 6.055 loading class java/util/concurrent/SynchronousQueue$TransferQueue$QNode done
Event: 6.056 loading class java/util/concurrent/ThreadPoolExecutor$DiscardPolicy
Event: 6.056 loading class java/util/concurrent/ThreadPoolExecutor$DiscardPolicy done
Event: 6.057 loading class java/util/concurrent/atomic/AtomicIntegerFieldUpdater
Event: 6.057 loading class java/util/concurrent/atomic/AtomicIntegerFieldUpdater done
Event: 6.057 loading class java/util/concurrent/atomic/AtomicIntegerFieldUpdater$AtomicIntegerFieldUpdaterImpl
Event: 6.057 loading class java/util/concurrent/atomic/AtomicIntegerFieldUpdater$AtomicIntegerFieldUpdaterImpl done
Event: 6.057 loading class java/util/concurrent/atomic/AtomicIntegerFieldUpdater$AtomicIntegerFieldUpdaterImpl$1
Event: 6.058 loading class java/util/concurrent/atomic/AtomicIntegerFieldUpdater$AtomicIntegerFieldUpdaterImpl$1 done
Event: 6.060 loading class java/io/StringWriter
Event: 6.061 loading class java/io/StringWriter done
Event: 6.064 loading class jdk/internal/math/FDBigInteger
Event: 6.064 loading class jdk/internal/math/FDBigInteger done
Event: 6.064 loading class java/math/MathContext
Event: 6.065 loading class java/math/MathContext done
Event: 6.086 loading class java/text/MessageFormat$Field
Event: 6.087 loading class java/text/MessageFormat$Field done
Event: 6.481 Thread 0x000001eac7440f30 Thread added: 0x000001eac7440f30
Event: 6.486 Thread 0x000001eac7440f30 Thread exited: 0x000001eac7440f30


Dynamic libraries:
0x00007ff6321c0000 - 0x00007ff6321d0000 	C:\Program Files\Java\jdk-17\bin\java.exe
0x00007ffe8d660000 - 0x00007ffe8d8c6000 	C:\WINDOWS\SYSTEM32\ntdll.dll
0x00007ffe8c060000 - 0x00007ffe8c129000 	C:\WINDOWS\System32\KERNEL32.DLL
0x00007ffe8af00000 - 0x00007ffe8b2cc000 	C:\WINDOWS\System32\KERNELBASE.dll
0x00007ffe8a7f0000 - 0x00007ffe8a93b000 	C:\WINDOWS\System32\ucrtbase.dll
0x00007ffe070b0000 - 0x00007ffe070cb000 	C:\Program Files\Java\jdk-17\bin\VCRUNTIME140.dll
0x00007ffe070d0000 - 0x00007ffe070e9000 	C:\Program Files\Java\jdk-17\bin\jli.dll
0x00007ffe8b770000 - 0x00007ffe8b822000 	C:\WINDOWS\System32\ADVAPI32.dll
0x00007ffe8c330000 - 0x00007ffe8c3d9000 	C:\WINDOWS\System32\msvcrt.dll
0x00007ffe8b480000 - 0x00007ffe8b526000 	C:\WINDOWS\System32\sechost.dll
0x00007ffe8bb60000 - 0x00007ffe8bc76000 	C:\WINDOWS\System32\RPCRT4.dll
0x00007ffe8be90000 - 0x00007ffe8c05a000 	C:\WINDOWS\System32\USER32.dll
0x00007ffe71c60000 - 0x00007ffe71efa000 	C:\WINDOWS\WinSxS\amd64_microsoft.windows.common-controls_6595b64144ccf1df_6.0.26100.3912_none_3e07963ce335137e\COMCTL32.dll
0x00007ffe8a940000 - 0x00007ffe8a967000 	C:\WINDOWS\System32\win32u.dll
0x00007ffe8b560000 - 0x00007ffe8b58b000 	C:\WINDOWS\System32\GDI32.dll
0x00007ffe8ac40000 - 0x00007ffe8ad72000 	C:\WINDOWS\System32\gdi32full.dll
0x00007ffe8b2d0000 - 0x00007ffe8b373000 	C:\WINDOWS\System32\msvcp_win.dll
0x00007ffe7fe90000 - 0x00007ffe7fe9b000 	C:\WINDOWS\SYSTEM32\VERSION.dll
0x00007ffe8c2f0000 - 0x00007ffe8c320000 	C:\WINDOWS\System32\IMM32.DLL
0x00007ffe477f0000 - 0x00007ffe477fc000 	C:\Program Files\Java\jdk-17\bin\vcruntime140_1.dll
0x00007ffe07020000 - 0x00007ffe070ae000 	C:\Program Files\Java\jdk-17\bin\msvcp140.dll
0x00007ffdeb1e0000 - 0x00007ffdebdc1000 	C:\Program Files\Java\jdk-17\bin\server\jvm.dll
0x00007ffe8bb50000 - 0x00007ffe8bb58000 	C:\WINDOWS\System32\PSAPI.DLL
0x00007ffe74bb0000 - 0x00007ffe74be6000 	C:\WINDOWS\SYSTEM32\WINMM.dll
0x00007ffe754f0000 - 0x00007ffe754fa000 	C:\WINDOWS\SYSTEM32\WSOCK32.dll
0x00007ffe8be10000 - 0x00007ffe8be84000 	C:\WINDOWS\System32\WS2_32.dll
0x00007ffe896a0000 - 0x00007ffe896ba000 	C:\WINDOWS\SYSTEM32\kernel.appcore.dll
0x00007ffe46350000 - 0x00007ffe4635a000 	C:\Program Files\Java\jdk-17\bin\jimage.dll
0x00007ffe87f60000 - 0x00007ffe881a1000 	C:\WINDOWS\SYSTEM32\DBGHELP.DLL
0x00007ffe8d1a0000 - 0x00007ffe8d524000 	C:\WINDOWS\System32\combase.dll
0x00007ffe8d530000 - 0x00007ffe8d610000 	C:\WINDOWS\System32\OLEAUT32.dll
0x00007ffe6de30000 - 0x00007ffe6de69000 	C:\WINDOWS\SYSTEM32\dbgcore.DLL
0x00007ffe8b380000 - 0x00007ffe8b419000 	C:\WINDOWS\System32\bcryptPrimitives.dll
0x00007ffe86f40000 - 0x00007ffe86f4e000 	C:\Program Files\Java\jdk-17\bin\instrument.dll
0x00007ffe06ff0000 - 0x00007ffe07015000 	C:\Program Files\Java\jdk-17\bin\java.dll
0x00007ffdfeab0000 - 0x00007ffdfeb87000 	C:\Program Files\Java\jdk-17\bin\jsvml.dll
0x00007ffe8c4e0000 - 0x00007ffe8cc0d000 	C:\WINDOWS\System32\SHELL32.dll
0x00007ffe8ad80000 - 0x00007ffe8aef4000 	C:\WINDOWS\System32\wintypes.dll
0x00007ffe88440000 - 0x00007ffe88c96000 	C:\WINDOWS\SYSTEM32\windows.storage.dll
0x00007ffe8d0a0000 - 0x00007ffe8d18f000 	C:\WINDOWS\System32\SHCORE.dll
0x00007ffe8c470000 - 0x00007ffe8c4d9000 	C:\WINDOWS\System32\shlwapi.dll
0x00007ffe8a700000 - 0x00007ffe8a72f000 	C:\WINDOWS\SYSTEM32\profapi.dll
0x00007ffe06d80000 - 0x00007ffe06d98000 	C:\Program Files\Java\jdk-17\bin\zip.dll
0x00007ffe06fd0000 - 0x00007ffe06fe9000 	C:\Program Files\Java\jdk-17\bin\net.dll
0x00007ffe82990000 - 0x00007ffe82aae000 	C:\WINDOWS\SYSTEM32\WINHTTP.dll
0x00007ffe89c40000 - 0x00007ffe89caa000 	C:\WINDOWS\system32\mswsock.dll
0x00007ffe06fb0000 - 0x00007ffe06fc6000 	C:\Program Files\Java\jdk-17\bin\nio.dll
0x00007ffe858b0000 - 0x00007ffe858ca000 	D:\Program Files\JetBrains\IntelliJ IDEA 2024.2.3\bin\breakgen64.dll
0x00007ffe89090000 - 0x00007ffe891b7000 	C:\WINDOWS\SYSTEM32\DNSAPI.dll
0x00007ffe88ff0000 - 0x00007ffe89023000 	C:\WINDOWS\SYSTEM32\IPHLPAPI.DLL
0x00007ffe8b910000 - 0x00007ffe8b91a000 	C:\WINDOWS\System32\NSI.dll
0x00007ffe7bdd0000 - 0x00007ffe7bddb000 	C:\Windows\System32\rasadhlp.dll
0x00007ffe7f210000 - 0x00007ffe7f296000 	C:\WINDOWS\System32\fwpuclnt.dll
0x00007ffe869f0000 - 0x00007ffe869fa000 	C:\Program Files\Java\jdk-17\bin\management.dll
0x00007ffe869e0000 - 0x00007ffe869eb000 	C:\Program Files\Java\jdk-17\bin\management_ext.dll
0x00007ffe89ee0000 - 0x00007ffe89efc000 	C:\WINDOWS\SYSTEM32\CRYPTSP.dll
0x00007ffe89600000 - 0x00007ffe8963a000 	C:\WINDOWS\system32\rsaenh.dll
0x00007ffe89ce0000 - 0x00007ffe89d0b000 	C:\WINDOWS\SYSTEM32\USERENV.dll
0x00007ffe8a6d0000 - 0x00007ffe8a6f6000 	C:\WINDOWS\SYSTEM32\bcrypt.dll
0x00007ffe89f00000 - 0x00007ffe89f0c000 	C:\WINDOWS\SYSTEM32\CRYPTBASE.dll
0x00007ffe82280000 - 0x00007ffe8229f000 	C:\WINDOWS\SYSTEM32\dhcpcsvc6.DLL
0x00007ffe81de0000 - 0x00007ffe81e05000 	C:\WINDOWS\SYSTEM32\dhcpcsvc.DLL
0x00007ffe61330000 - 0x00007ffe61348000 	C:\WINDOWS\system32\napinsp.dll
0x00007ffe61310000 - 0x00007ffe61322000 	C:\WINDOWS\System32\winrnr.dll
0x00007ffe60e10000 - 0x00007ffe60e40000 	C:\WINDOWS\system32\nlansp_c.dll
0x00007ffe825a0000 - 0x00007ffe825c0000 	C:\WINDOWS\system32\wshbth.dll
0x00007ffe6bf60000 - 0x00007ffe6bfae000 	C:\WINDOWS\SYSTEM32\pdh.dll
0x00007ffe6e100000 - 0x00007ffe6e112000 	C:\WINDOWS\System32\perfproc.dll
0x00007ffe869b0000 - 0x00007ffe869be000 	C:\Program Files\Java\jdk-17\bin\sunmscapi.dll
0x00007ffe8aac0000 - 0x00007ffe8ac37000 	C:\WINDOWS\System32\CRYPT32.dll
0x00007ffe8a0f0000 - 0x00007ffe8a120000 	C:\WINDOWS\SYSTEM32\ncrypt.dll
0x00007ffe8a0a0000 - 0x00007ffe8a0df000 	C:\WINDOWS\SYSTEM32\NTASN1.dll
0x00007ffe60c10000 - 0x00007ffe60c21000 	C:\WINDOWS\System32\perfos.dll
0x00007ffe87520000 - 0x00007ffe87532000 	C:\WINDOWS\SYSTEM32\pfclient.dll
0x00007ffe386f0000 - 0x00007ffe38700000 	C:\Program Files\Java\jdk-17\bin\verify.dll

dbghelp: loaded successfully - version: 4.0.5 - missing functions: none
symbol engine: initialized successfully - sym options: 0x614 - pdb path: .;C:\Program Files\Java\jdk-17\bin;C:\WINDOWS\SYSTEM32;C:\WINDOWS\WinSxS\amd64_microsoft.windows.common-controls_6595b64144ccf1df_6.0.26100.3912_none_3e07963ce335137e;C:\Program Files\Java\jdk-17\bin\server;D:\Program Files\JetBrains\IntelliJ IDEA 2024.2.3\bin

VM Arguments:
jvm_args: -XX:TieredStopAtLevel=1 -Dspring.output.ansi.enabled=always -Dcom.sun.management.jmxremote -Dspring.jmx.enabled=true -Dspring.liveBeansView.mbeanDomain -Dspring.application.admin.enabled=true -Dmanagement.endpoints.jmx.exposure.include=* -javaagent:D:\Program Files\JetBrains\IntelliJ IDEA 2024.2.3\lib\idea_rt.jar=55705:D:\Program Files\JetBrains\IntelliJ IDEA 2024.2.3\bin -Dfile.encoding=UTF-8 
java_command: com.example.OnlineMovieStreamingSystem.OnlineMovieStreamingSystemApplication
java_class_path (initial): D:\HocKy2_24_25\DATN\Do an tot nghiep\OnlineMovieStreamingSystem\OnlineMovieStreamingSystem\target\classes;C:\Users\QUYHOANG\.m2\repository\org\springframework\boot\spring-boot-starter-data-jpa\3.4.4\spring-boot-starter-data-jpa-3.4.4.jar;C:\Users\QUYHOANG\.m2\repository\org\springframework\boot\spring-boot-starter\3.4.4\spring-boot-starter-3.4.4.jar;C:\Users\QUYHOANG\.m2\repository\org\springframework\boot\spring-boot\3.4.4\spring-boot-3.4.4.jar;C:\Users\QUYHOANG\.m2\repository\org\springframework\boot\spring-boot-autoconfigure\3.4.4\spring-boot-autoconfigure-3.4.4.jar;C:\Users\QUYHOANG\.m2\repository\org\springframework\boot\spring-boot-starter-logging\3.4.4\spring-boot-starter-logging-3.4.4.jar;C:\Users\QUYHOANG\.m2\repository\ch\qos\logback\logback-classic\1.5.18\logback-classic-1.5.18.jar;C:\Users\QUYHOANG\.m2\repository\ch\qos\logback\logback-core\1.5.18\logback-core-1.5.18.jar;C:\Users\QUYHOANG\.m2\repository\org\apache\logging\log4j\log4j-to-slf4j\2.24.3\log4j-to-slf4j-2.24.3.jar;C:\Users\QUYHOANG\.m2\repository\org\apache\logging\log4j\log4j-api\2.24.3\log4j-api-2.24.3.jar;C:\Users\QUYHOANG\.m2\repository\org\slf4j\jul-to-slf4j\2.0.17\jul-to-slf4j-2.0.17.jar;C:\Users\QUYHOANG\.m2\repository\jakarta\annotation\jakarta.annotation-api\2.1.1\jakarta.annotation-api-2.1.1.jar;C:\Users\QUYHOANG\.m2\repository\org\yaml\snakeyaml\2.3\snakeyaml-2.3.jar;C:\Users\QUYHOANG\.m2\repository\org\springframework\boot\spring-boot-starter-jdbc\3.4.4\spring-boot-starter-jdbc-3.4.4.jar;C:\Users\QUYHOANG\.m2\repository\com\zaxxer\HikariCP\5.1.0\HikariCP-5.1.0.jar;C:\Users\QUYHOANG\.m2\repository\org\springframework\spring-jdbc\6.2.5\spring-jdbc-6.2.5.jar;C:\Users\QUYHOANG\.m2\repository\org\hibernate\orm\hibernate-core\6.6.11.Final\hibernate-core-6.6.11.Final.jar;C:\Users\QUYHOANG\.m2\repository\jakarta\persistence\jakarta.persistence-api\3.1.0\jakarta.persistence-api-3.1.0.jar;C:\Users\QUYHOANG\.m2\repository\jakarta\transaction\jakarta.transaction-a
Launcher Type: SUN_STANDARD

[Global flags]
     intx CICompilerCount                          = 12                                        {product} {ergonomic}
     uint ConcGCThreads                            = 3                                         {product} {ergonomic}
     uint G1ConcRefinementThreads                  = 13                                        {product} {ergonomic}
   size_t G1HeapRegionSize                         = 1048576                                   {product} {ergonomic}
    uintx GCDrainStackTargetSize                   = 64                                        {product} {ergonomic}
   size_t InitialHeapSize                          = 132120576                                 {product} {ergonomic}
     bool ManagementServer                         = true                                      {product} {command line}
   size_t MarkStackSize                            = 4194304                                   {product} {ergonomic}
   size_t MaxHeapSize                              = 2090860544                                {product} {ergonomic}
   size_t MaxNewSize                               = 1254096896                                {product} {ergonomic}
   size_t MinHeapDeltaBytes                        = 1048576                                   {product} {ergonomic}
   size_t MinHeapSize                              = 8388608                                   {product} {ergonomic}
    uintx NonProfiledCodeHeapSize                  = 0                                      {pd product} {ergonomic}
     bool ProfileInterpreter                       = false                                  {pd product} {command line}
    uintx ProfiledCodeHeapSize                     = 0                                      {pd product} {ergonomic}
   size_t SoftMaxHeapSize                          = 2090860544                             {manageable} {ergonomic}
     intx TieredStopAtLevel                        = 1                                         {product} {command line}
     bool UseCompressedClassPointers               = true                           {product lp64_product} {ergonomic}
     bool UseCompressedOops                        = true                           {product lp64_product} {ergonomic}
     bool UseG1GC                                  = true                                      {product} {ergonomic}
     bool UseLargePagesIndividualAllocation        = false                                  {pd product} {ergonomic}

Logging:
Log output configuration:
 #0: stdout all=warning uptime,level,tags
 #1: stderr all=off uptime,level,tags

Environment Variables:
JAVA_HOME=C:\Program Files\Java\jdk-17
PATH=C:\Program Files\NVIDIA GPU Computing Toolkit\CUDA\v11.8\bin;C:\Program Files\NVIDIA GPU Computing Toolkit\CUDA\v11.8\libnvvp;C:\Program Files\Common Files\Oracle\Java\javapath;C:\Windows\system32;C:\Windows;C:\Windows\System32\Wbem;C:\Windows\System32\WindowsPowerShell\v1.0\;C:\Windows\System32\OpenSSH\;C:\Program Files (x86)\NVIDIA Corporation\PhysX\Common;C:\Program Files\NVIDIA Corporation\NVIDIA NvDLISR;C:\WINDOWS\system32;C:\WINDOWS;C:\WINDOWS\System32\Wbem;C:\WINDOWS\System32\WindowsPowerShell\v1.0\;C:\WINDOWS\System32\OpenSSH\;C:\Program Files\Microsoft SQL Server\Client SDK\ODBC\170\Tools\Binn\;C:\Program Files (x86)\Microsoft SQL Server\150\Tools\Binn\;C:\Program Files\Microsoft SQL Server\150\Tools\Binn\;C:\Program Files\Microsoft SQL Server\150\DTS\Binn\;C:\msys64\mingw64\bin;D:\GitHub\Git\cmd;C:\Program Files\Java\jdk-17\bin;C:\Program Files\Cloudflare\Cloudflare WARP\;C:\Program Files\Docker\Docker\resources\bin;D:\Program Files\Redis;D:\httpd-2.4.62-240904-win64-VS17\Apache24\bin;C:\Program Files (x86)\Microsoft SQL Server\150\DTS\Binn\;C:\Program Files\Azure Data Studio\bin;D:\apache-maven-3.9.9-bin\apache-maven-3.9.9\bin;D:\Program Files\nodejs\;D:\Python 3.11\Scripts\;D:\Python 3.11\;C:\Program Files\MySQL\MySQL Shell 8.0\bin\;C:\Users\QUYHOANG\AppData\Local\Microsoft\WindowsApps;C:\Program Files\Azure Data Studio\bin;C:\Program Files\dotnet\sdk\7.0.101;C:\Users\QUYHOANG\AppData\Local\Programs\Microsoft VS Code\bin;D:\Python_311\Scripts;E:\ngrok-v3-stable-windows-amd64;;C:\Program Files\Azure Data Studio\bin;D:\PyCharm 2024.3.4\bin;;C:\Users\QUYHOANG\AppData\Roaming\npm;D:\Cursor\cursor\resources\app\bin
USERNAME=QUYHOANG
OS=Windows_NT
PROCESSOR_IDENTIFIER=Intel64 Family 6 Model 141 Stepping 1, GenuineIntel



---------------  S Y S T E M  ---------------

OS:
 Windows 11 , 64 bit Build 26100 (10.0.26100.3912)
OS uptime: 1 days 13:32 hours
Hyper-V role detected

CPU: total 16 (initial active 16) (8 cores per cpu, 2 threads per core) family 6 model 141 stepping 1 microcode 0x3c, cx8, cmov, fxsr, ht, mmx, 3dnowpref, sse, sse2, sse3, ssse3, sse4.1, sse4.2, popcnt, lzcnt, tsc, tscinvbit, avx, avx2, aes, erms, clmul, bmi1, bmi2, adx, avx512f, avx512dq, avx512cd, avx512bw, avx512vl, sha, fma, vzeroupper, avx512_vpopcntdq, avx512_vpclmulqdq, avx512_vaes, avx512_vnni, clflush, clflushopt, clwb, avx512_vbmi2, avx512_vbmi, hv

Memory: 4k page, system-wide physical 7971M (336M free)
TotalPageFile size 26319M (AvailPageFile size 6M)
current process WorkingSet (physical memory assigned to process): 228M, peak: 261M
current process commit charge ("private bytes"): 288M, peak: 316M

vm_info: Java HotSpot(TM) 64-Bit Server VM (17.0.9+11-LTS-201) for windows-amd64 JRE (17.0.9+11-LTS-201), built on Oct 10 2023 23:16:06 by "mach5one" with MS VC++ 17.1 (VS2022)

END.
