#
# There is insufficient memory for the Java Runtime Environment to continue.
# Native memory allocation (mmap) failed to map 10485760 bytes for G1 virtual space
# Possible reasons:
#   The system is out of physical RAM or swap space
#   The process is running with CompressedOops enabled, and the Java Heap may be blocking the growth of the native heap
# Possible solutions:
#   Reduce memory load on the system
#   Increase physical memory or swap space
#   Check if swap backing store is full
#   Decrease Java heap size (-Xmx/-Xms)
#   Decrease number of Java threads
#   Decrease Java thread stack sizes (-Xss)
#   Set larger code cache with -XX:ReservedCodeCacheSize=
#   JVM is running with Unscaled Compressed Oops mode in which the Java heap is
#     placed in the first 4GB address space. The Java Heap base address is the
#     maximum limit for the native heap growth. Please use -XX:HeapBaseMinAddress
#     to set the Java Heap base and to place the Java Heap above 4GB virtual address.
# This output file may be truncated or incomplete.
#
#  Out of Memory Error (os_windows.cpp:3552), pid=26400, tid=2560
#
# JRE version: Java(TM) SE Runtime Environment (17.0.9+11) (build 17.0.9+11-LTS-201)
# Java VM: Java HotSpot(TM) 64-Bit Server VM (17.0.9+11-LTS-201, mixed mode, emulated-client, sharing, tiered, compressed oops, compressed class ptrs, g1 gc, windows-amd64)
# No core dump will be written. Minidumps are not enabled by default on client versions of Windows
#

---------------  S U M M A R Y ------------

Command Line: -XX:TieredStopAtLevel=1 -Dspring.output.ansi.enabled=always -Dcom.sun.management.jmxremote -Dspring.jmx.enabled=true -Dspring.liveBeansView.mbeanDomain -Dspring.application.admin.enabled=true -Dmanagement.endpoints.jmx.exposure.include=* -javaagent:D:\Program Files\JetBrains\IntelliJ IDEA 2024.2.3\lib\idea_rt.jar=64195:D:\Program Files\JetBrains\IntelliJ IDEA 2024.2.3\bin -Dfile.encoding=UTF-8 com.example.OnlineMovieStreamingSystem.OnlineMovieStreamingSystemApplication

Host: 11th Gen Intel(R) Core(TM) i7-11800H @ 2.30GHz, 16 cores, 7G,  Windows 11 , 64 bit Build 26100 (10.0.26100.3912)
Time: Wed Jun 11 14:55:52 2025 SE Asia Standard Time elapsed time: 10.463125 seconds (0d 0h 0m 10s)

---------------  T H R E A D  ---------------

Current thread (0x00000194c98fc010):  VMThread "VM Thread" [stack: 0x0000004fbc500000,0x0000004fbc600000] [id=2560]

Stack: [0x0000004fbc500000,0x0000004fbc600000]
Native frames: (J=compiled Java code, j=interpreted, Vv=VM code, C=native code)
V  [jvm.dll+0x678a4a]
V  [jvm.dll+0x7d9cfd]
V  [jvm.dll+0x7db60e]
V  [jvm.dll+0x7dbc73]
V  [jvm.dll+0x245e1f]
V  [jvm.dll+0x6758f9]
V  [jvm.dll+0x66a2a2]
V  [jvm.dll+0x303686]
V  [jvm.dll+0x30ac06]
V  [jvm.dll+0x35a48e]
V  [jvm.dll+0x35a6bf]
V  [jvm.dll+0x2da678]
V  [jvm.dll+0x2d8a85]
V  [jvm.dll+0x2d808c]
V  [jvm.dll+0x31b97b]
V  [jvm.dll+0x7e048b]
V  [jvm.dll+0x7e11c4]
V  [jvm.dll+0x7e16dd]
V  [jvm.dll+0x7e1ab4]
V  [jvm.dll+0x7e1b80]
V  [jvm.dll+0x78998a]
V  [jvm.dll+0x677875]
C  [ucrtbase.dll+0x37b0]
C  [KERNEL32.DLL+0x2e8d7]
C  [ntdll.dll+0x9c5dc]

VM_Operation (0x0000004fbbff7b00): G1CollectForAllocation, mode: safepoint, requested by thread 0x00000194b709fe30


---------------  P R O C E S S  ---------------

Threads class SMR info:
_java_thread_list=0x00000195119ae5e0, length=25, elements={
0x00000194b709fe30, 0x00000194c9901630, 0x00000194c9902d60, 0x00000194c9918320,
0x00000194c991acf0, 0x00000194c991c220, 0x00000194c991d750, 0x00000194c991ed30,
0x00000194c9945820, 0x00000194c9cfb800, 0x00000194c9d03d00, 0x00000194c9d05640,
0x00000194c9d05b60, 0x00000194c9cfcc40, 0x00000194c9cfbd10, 0x00000194c9cfd150,
0x00000194c9cfade0, 0x00000194c9cfd660, 0x00000194c9cfa8d0, 0x00000194c9cfb2f0,
0x00000194c9cfc220, 0x00000194c9cfdb70, 0x00000194c9cfe080, 0x00000195113a8f20,
0x00000195113a9e50
}

Java Threads: ( => current thread )
  0x00000194b709fe30 JavaThread "main" [_thread_blocked, id=17284, stack(0x0000004fbbf00000,0x0000004fbc000000)]
  0x00000194c9901630 JavaThread "Reference Handler" daemon [_thread_blocked, id=15824, stack(0x0000004fbc600000,0x0000004fbc700000)]
  0x00000194c9902d60 JavaThread "Finalizer" daemon [_thread_blocked, id=10244, stack(0x0000004fbc700000,0x0000004fbc800000)]
  0x00000194c9918320 JavaThread "Signal Dispatcher" daemon [_thread_blocked, id=14508, stack(0x0000004fbc800000,0x0000004fbc900000)]
  0x00000194c991acf0 JavaThread "Attach Listener" daemon [_thread_blocked, id=22320, stack(0x0000004fbc900000,0x0000004fbca00000)]
  0x00000194c991c220 JavaThread "Service Thread" daemon [_thread_blocked, id=25112, stack(0x0000004fbca00000,0x0000004fbcb00000)]
  0x00000194c991d750 JavaThread "Monitor Deflation Thread" daemon [_thread_blocked, id=22512, stack(0x0000004fbcb00000,0x0000004fbcc00000)]
  0x00000194c991ed30 JavaThread "C1 CompilerThread0" daemon [_thread_blocked, id=17212, stack(0x0000004fbcc00000,0x0000004fbcd00000)]
  0x00000194c9945820 JavaThread "Sweeper thread" daemon [_thread_blocked, id=19464, stack(0x0000004fbcd00000,0x0000004fbce00000)]
  0x00000194c9cfb800 JavaThread "Common-Cleaner" daemon [_thread_blocked, id=17288, stack(0x0000004fbce00000,0x0000004fbcf00000)]
  0x00000194c9d03d00 JavaThread "C1 CompilerThread1" daemon [_thread_blocked, id=25276, stack(0x0000004fbcf00000,0x0000004fbd000000)]
  0x00000194c9d05640 JavaThread "C1 CompilerThread2" daemon [_thread_blocked, id=10004, stack(0x0000004fbd000000,0x0000004fbd100000)]
  0x00000194c9d05b60 JavaThread "C1 CompilerThread3" daemon [_thread_blocked, id=13548, stack(0x0000004fbd100000,0x0000004fbd200000)]
  0x00000194c9cfcc40 JavaThread "Monitor Ctrl-Break" daemon [_thread_in_native, id=1644, stack(0x0000004fbd200000,0x0000004fbd300000)]
  0x00000194c9cfbd10 JavaThread "Notification Thread" daemon [_thread_blocked, id=20908, stack(0x0000004fbd300000,0x0000004fbd400000)]
  0x00000194c9cfd150 JavaThread "RMI TCP Accept-0" daemon [_thread_in_native, id=18556, stack(0x0000004fbd400000,0x0000004fbd500000)]
  0x00000194c9cfade0 JavaThread "RMI TCP Connection(1)-192.168.1.5" daemon [_thread_blocked, id=12436, stack(0x0000004fbdd00000,0x0000004fbde00000)]
  0x00000194c9cfd660 JavaThread "RMI Scheduler(0)" daemon [_thread_blocked, id=5168, stack(0x0000004fbde00000,0x0000004fbdf00000)]
  0x00000194c9cfa8d0 JavaThread "Catalina-utility-1" [_thread_blocked, id=4272, stack(0x0000004fbdf00000,0x0000004fbe000000)]
  0x00000194c9cfb2f0 JavaThread "Catalina-utility-2" [_thread_blocked, id=3504, stack(0x0000004fbe700000,0x0000004fbe800000)]
  0x00000194c9cfc220 JavaThread "container-0" [_thread_blocked, id=2988, stack(0x0000004fbe800000,0x0000004fbe900000)]
  0x00000194c9cfdb70 JavaThread "mysql-cj-abandoned-connection-cleanup" daemon [_thread_blocked, id=25824, stack(0x0000004fbe900000,0x0000004fbea00000)]
  0x00000194c9cfe080 JavaThread "HikariPool-1 housekeeper" daemon [_thread_blocked, id=25452, stack(0x0000004fbeb00000,0x0000004fbec00000)]
  0x00000195113a8f20 JavaThread "HikariPool-1 connection adder" daemon [_thread_blocked, id=21164, stack(0x0000004fbec00000,0x0000004fbed00000)]
  0x00000195113a9e50 JavaThread "commons-pool-evictor" daemon [_thread_blocked, id=4328, stack(0x0000004fbed00000,0x0000004fbee00000)]

Other Threads:
=>0x00000194c98fc010 VMThread "VM Thread" [stack: 0x0000004fbc500000,0x0000004fbc600000] [id=2560]
  0x000001950f527df0 WatcherThread [stack: 0x0000004fbd500000,0x0000004fbd600000] [id=12504]
  0x00000194b70fee20 GCTaskThread "GC Thread#0" [stack: 0x0000004fbc000000,0x0000004fbc100000] [id=2864]
  0x000001950f7fe780 GCTaskThread "GC Thread#1" [stack: 0x0000004fbd600000,0x0000004fbd700000] [id=10928]
  0x000001950f7fea40 GCTaskThread "GC Thread#2" [stack: 0x0000004fbd700000,0x0000004fbd800000] [id=9692]
  0x000001950fc5ac40 GCTaskThread "GC Thread#3" [stack: 0x0000004fbd800000,0x0000004fbd900000] [id=16208]
  0x000001950fc5af00 GCTaskThread "GC Thread#4" [stack: 0x0000004fbd900000,0x0000004fbda00000] [id=13780]
  0x000001950fc5b1c0 GCTaskThread "GC Thread#5" [stack: 0x0000004fbda00000,0x0000004fbdb00000] [id=15464]
  0x000001950fd6b3c0 GCTaskThread "GC Thread#6" [stack: 0x0000004fbdb00000,0x0000004fbdc00000] [id=18748]
  0x000001950fd79bd0 GCTaskThread "GC Thread#7" [stack: 0x0000004fbdc00000,0x0000004fbdd00000] [id=17384]
  0x000001951002a1b0 GCTaskThread "GC Thread#8" [stack: 0x0000004fbe000000,0x0000004fbe100000] [id=13876]
  0x000001951010c040 GCTaskThread "GC Thread#9" [stack: 0x0000004fbe100000,0x0000004fbe200000] [id=10536]
  0x0000019510079ff0 GCTaskThread "GC Thread#10" [stack: 0x0000004fbe200000,0x0000004fbe300000] [id=8124]
  0x0000019510162b00 GCTaskThread "GC Thread#11" [stack: 0x0000004fbe300000,0x0000004fbe400000] [id=14328]
  0x00000195101635d0 GCTaskThread "GC Thread#12" [stack: 0x0000004fbe400000,0x0000004fbe500000] [id=19004]
  0x00000194b7110380 ConcurrentGCThread "G1 Main Marker" [stack: 0x0000004fbc100000,0x0000004fbc200000] [id=3444]
  0x00000194b7111530 ConcurrentGCThread "G1 Conc#0" [stack: 0x0000004fbc200000,0x0000004fbc300000] [id=15056]
  0x0000019510357850 ConcurrentGCThread "G1 Conc#1" [stack: 0x0000004fbe500000,0x0000004fbe600000] [id=12464]
  0x000001951027a500 ConcurrentGCThread "G1 Conc#2" [stack: 0x0000004fbe600000,0x0000004fbe700000] [id=15184]
  0x00000194c97b8460 ConcurrentGCThread "G1 Refine#0" [stack: 0x0000004fbc300000,0x0000004fbc400000] [id=25020]
  0x00000194c97b9c50 ConcurrentGCThread "G1 Service" [stack: 0x0000004fbc400000,0x0000004fbc500000] [id=23420]

Threads with active compile tasks:

VM state: at safepoint (normal execution)

VM Mutex/Monitor currently owned by a thread:  ([mutex/lock_event])
[0x00000194b4da1b60] Threads_lock - owner thread: 0x00000194c98fc010
[0x00000194b709f8c0] Heap_lock - owner thread: 0x00000194b709fe30

Heap address: 0x0000000083600000, size: 1994 MB, Compressed Oops mode: 32-bit

CDS archive(s) mapped at: [0x00000194ca000000-0x00000194cabd0000-0x00000194cabd0000), size 12386304, SharedBaseAddress: 0x00000194ca000000, ArchiveRelocationMode: 1.
Compressed class space mapped at: 0x00000194cb000000-0x000001950b000000, reserved size: 1073741824
Narrow klass base: 0x00000194ca000000, Narrow klass shift: 0, Narrow klass range: 0x100000000

GC Precious Log:
 CPUs: 16 total, 16 available
 Memory: 7971M
 Large Page Support: Disabled
 NUMA Support: Disabled
 Compressed Oops: Enabled (32-bit)
 Heap Region Size: 1M
 Heap Min Capacity: 8M
 Heap Initial Capacity: 126M
 Heap Max Capacity: 1994M
 Pre-touch: Disabled
 Parallel Workers: 13
 Concurrent Workers: 3
 Concurrent Refinement Workers: 13
 Periodic GC: Disabled

Heap:
 garbage-first heap   total 91136K, used 52339K [0x0000000083600000, 0x0000000100000000)
  region size 1024K, 4 young (4096K), 4 survivors (4096K)
 Metaspace       used 76059K, committed 76736K, reserved 1179648K
  class space    used 11064K, committed 11392K, reserved 1048576K

Heap Regions: E=young(eden), S=young(survivor), O=old, HS=humongous(starts), HC=humongous(continues), CS=collection set, F=free, OA=open archive, CA=closed archive, TAMS=top-at-mark-start (previous, next)
|   0|0x0000000083600000, 0x0000000083700000, 0x0000000083700000|100%|HS|  |TAMS 0x0000000083700000, 0x0000000083700000| Complete 
|   1|0x0000000083700000, 0x0000000083800000, 0x0000000083800000|100%|HS|  |TAMS 0x0000000083800000, 0x0000000083800000| Complete 
|   2|0x0000000083800000, 0x0000000083900000, 0x0000000083900000|100%|HS|  |TAMS 0x0000000083900000, 0x0000000083900000| Complete 
|   3|0x0000000083900000, 0x0000000083a00000, 0x0000000083a00000|100%| O|  |TAMS 0x0000000083a00000, 0x0000000083a00000| Untracked 
|   4|0x0000000083a00000, 0x0000000083b00000, 0x0000000083b00000|100%| O|  |TAMS 0x0000000083b00000, 0x0000000083b00000| Untracked 
|   5|0x0000000083b00000, 0x0000000083c00000, 0x0000000083c00000|100%| O|  |TAMS 0x0000000083c00000, 0x0000000083c00000| Untracked 
|   6|0x0000000083c00000, 0x0000000083d00000, 0x0000000083d00000|100%| O|  |TAMS 0x0000000083d00000, 0x0000000083d00000| Untracked 
|   7|0x0000000083d00000, 0x0000000083e00000, 0x0000000083e00000|100%| O|  |TAMS 0x0000000083e00000, 0x0000000083e00000| Untracked 
|   8|0x0000000083e00000, 0x0000000083f00000, 0x0000000083f00000|100%| O|  |TAMS 0x0000000083f00000, 0x0000000083f00000| Untracked 
|   9|0x0000000083f00000, 0x0000000084000000, 0x0000000084000000|100%| O|  |TAMS 0x0000000084000000, 0x0000000084000000| Untracked 
|  10|0x0000000084000000, 0x0000000084100000, 0x0000000084100000|100%| O|  |TAMS 0x0000000084100000, 0x0000000084100000| Untracked 
|  11|0x0000000084100000, 0x0000000084200000, 0x0000000084200000|100%| O|  |TAMS 0x0000000084200000, 0x0000000084200000| Untracked 
|  12|0x0000000084200000, 0x00000000842ba800, 0x0000000084300000| 72%| O|  |TAMS 0x00000000842ba800, 0x00000000842ba800| Untracked 
|  13|0x0000000084300000, 0x0000000084400000, 0x0000000084400000|100%| O|  |TAMS 0x0000000084400000, 0x0000000084400000| Untracked 
|  14|0x0000000084400000, 0x0000000084500000, 0x0000000084500000|100%| O|  |TAMS 0x0000000084500000, 0x0000000084500000| Untracked 
|  15|0x0000000084500000, 0x0000000084600000, 0x0000000084600000|100%| O|  |TAMS 0x0000000084600000, 0x0000000084600000| Untracked 
|  16|0x0000000084600000, 0x0000000084700000, 0x0000000084700000|100%| O|  |TAMS 0x0000000084700000, 0x0000000084700000| Untracked 
|  17|0x0000000084700000, 0x0000000084800000, 0x0000000084800000|100%| O|  |TAMS 0x0000000084800000, 0x0000000084800000| Untracked 
|  18|0x0000000084800000, 0x0000000084900000, 0x0000000084900000|100%| O|  |TAMS 0x0000000084900000, 0x0000000084900000| Untracked 
|  19|0x0000000084900000, 0x0000000084a00000, 0x0000000084a00000|100%| O|  |TAMS 0x0000000084a00000, 0x0000000084a00000| Untracked 
|  20|0x0000000084a00000, 0x0000000084b00000, 0x0000000084b00000|100%| O|  |TAMS 0x0000000084b00000, 0x0000000084b00000| Untracked 
|  21|0x0000000084b00000, 0x0000000084c00000, 0x0000000084c00000|100%| O|  |TAMS 0x0000000084c00000, 0x0000000084c00000| Untracked 
|  22|0x0000000084c00000, 0x0000000084d00000, 0x0000000084d00000|100%| O|  |TAMS 0x0000000084d00000, 0x0000000084d00000| Untracked 
|  23|0x0000000084d00000, 0x0000000084e00000, 0x0000000084e00000|100%| O|  |TAMS 0x0000000084e00000, 0x0000000084e00000| Untracked 
|  24|0x0000000084e00000, 0x0000000084f00000, 0x0000000084f00000|100%| O|  |TAMS 0x0000000084f00000, 0x0000000084f00000| Untracked 
|  25|0x0000000084f00000, 0x0000000085000000, 0x0000000085000000|100%| O|  |TAMS 0x0000000085000000, 0x0000000085000000| Untracked 
|  26|0x0000000085000000, 0x0000000085100000, 0x0000000085100000|100%| O|  |TAMS 0x0000000085100000, 0x0000000085100000| Untracked 
|  27|0x0000000085100000, 0x0000000085200000, 0x0000000085200000|100%| O|  |TAMS 0x0000000085200000, 0x0000000085200000| Untracked 
|  28|0x0000000085200000, 0x0000000085300000, 0x0000000085300000|100%| O|  |TAMS 0x0000000085300000, 0x0000000085300000| Untracked 
|  29|0x0000000085300000, 0x0000000085400000, 0x0000000085400000|100%| O|  |TAMS 0x0000000085400000, 0x0000000085400000| Untracked 
|  30|0x0000000085400000, 0x0000000085500000, 0x0000000085500000|100%| O|  |TAMS 0x0000000085500000, 0x0000000085500000| Untracked 
|  31|0x0000000085500000, 0x0000000085600000, 0x0000000085600000|100%| O|  |TAMS 0x0000000085600000, 0x0000000085600000| Untracked 
|  32|0x0000000085600000, 0x0000000085700000, 0x0000000085700000|100%| O|  |TAMS 0x0000000085700000, 0x0000000085700000| Untracked 
|  33|0x0000000085700000, 0x0000000085800000, 0x0000000085800000|100%| O|  |TAMS 0x0000000085789200, 0x0000000085800000| Untracked 
|  34|0x0000000085800000, 0x0000000085900000, 0x0000000085900000|100%| O|  |TAMS 0x0000000085800000, 0x0000000085900000| Untracked 
|  35|0x0000000085900000, 0x0000000085a00000, 0x0000000085a00000|100%| O|  |TAMS 0x0000000085900000, 0x0000000085a00000| Untracked 
|  36|0x0000000085a00000, 0x0000000085b00000, 0x0000000085b00000|100%| O|  |TAMS 0x0000000085a00000, 0x0000000085b00000| Untracked 
|  37|0x0000000085b00000, 0x0000000085c00000, 0x0000000085c00000|100%| O|  |TAMS 0x0000000085b00000, 0x0000000085c00000| Untracked 
|  38|0x0000000085c00000, 0x0000000085d00000, 0x0000000085d00000|100%| O|  |TAMS 0x0000000085c00000, 0x0000000085d00000| Untracked 
|  39|0x0000000085d00000, 0x0000000085e00000, 0x0000000085e00000|100%| O|  |TAMS 0x0000000085d00000, 0x0000000085e00000| Untracked 
|  40|0x0000000085e00000, 0x0000000085f00000, 0x0000000085f00000|100%| O|  |TAMS 0x0000000085e00000, 0x0000000085f00000| Untracked 
|  41|0x0000000085f00000, 0x0000000086000000, 0x0000000086000000|100%| O|  |TAMS 0x0000000085f00000, 0x0000000085fed000| Untracked 
|  42|0x0000000086000000, 0x0000000086100000, 0x0000000086100000|100%| O|  |TAMS 0x0000000086000000, 0x0000000086000000| Untracked 
|  43|0x0000000086100000, 0x0000000086200000, 0x0000000086200000|100%| O|  |TAMS 0x0000000086100000, 0x0000000086100000| Untracked 
|  44|0x0000000086200000, 0x0000000086300000, 0x0000000086300000|100%| O|  |TAMS 0x0000000086200000, 0x0000000086200000| Untracked 
|  45|0x0000000086300000, 0x0000000086400000, 0x0000000086400000|100%| O|  |TAMS 0x0000000086300000, 0x0000000086300000| Untracked 
|  46|0x0000000086400000, 0x0000000086500000, 0x0000000086500000|100%| O|  |TAMS 0x0000000086400000, 0x0000000086400000| Untracked 
|  47|0x0000000086500000, 0x0000000086562600, 0x0000000086600000| 38%| O|  |TAMS 0x0000000086500000, 0x0000000086500000| Untracked 
|  48|0x0000000086600000, 0x0000000086600000, 0x0000000086700000|  0%| F|  |TAMS 0x0000000086600000, 0x0000000086600000| Untracked 
|  49|0x0000000086700000, 0x0000000086700000, 0x0000000086800000|  0%| F|  |TAMS 0x0000000086700000, 0x0000000086700000| Untracked 
|  50|0x0000000086800000, 0x0000000086800000, 0x0000000086900000|  0%| F|  |TAMS 0x0000000086800000, 0x0000000086800000| Untracked 
|  51|0x0000000086900000, 0x0000000086900000, 0x0000000086a00000|  0%| F|  |TAMS 0x0000000086900000, 0x0000000086900000| Untracked 
|  52|0x0000000086a00000, 0x0000000086a00000, 0x0000000086b00000|  0%| F|  |TAMS 0x0000000086a00000, 0x0000000086a00000| Untracked 
|  53|0x0000000086b00000, 0x0000000086b00000, 0x0000000086c00000|  0%| F|  |TAMS 0x0000000086b00000, 0x0000000086b00000| Untracked 
|  54|0x0000000086c00000, 0x0000000086d00000, 0x0000000086d00000|100%| S|CS|TAMS 0x0000000086c00000, 0x0000000086c00000| Complete 
|  55|0x0000000086d00000, 0x0000000086d00000, 0x0000000086e00000|  0%| F|  |TAMS 0x0000000086d00000, 0x0000000086d00000| Untracked 
|  56|0x0000000086e00000, 0x0000000086e00000, 0x0000000086f00000|  0%| F|  |TAMS 0x0000000086e00000, 0x0000000086e00000| Untracked 
|  57|0x0000000086f00000, 0x0000000087000000, 0x0000000087000000|100%| S|CS|TAMS 0x0000000086f00000, 0x0000000086f00000| Complete 
|  58|0x0000000087000000, 0x0000000087000000, 0x0000000087100000|  0%| F|  |TAMS 0x0000000087000000, 0x0000000087000000| Untracked 
|  59|0x0000000087100000, 0x0000000087100000, 0x0000000087200000|  0%| F|  |TAMS 0x0000000087100000, 0x0000000087100000| Untracked 
|  60|0x0000000087200000, 0x0000000087300000, 0x0000000087300000|100%| S|CS|TAMS 0x0000000087200000, 0x0000000087200000| Complete 
|  61|0x0000000087300000, 0x0000000087400000, 0x0000000087400000|100%| S|CS|TAMS 0x0000000087300000, 0x0000000087300000| Complete 
|  62|0x0000000087400000, 0x0000000087400000, 0x0000000087500000|  0%| F|  |TAMS 0x0000000087400000, 0x0000000087400000| Untracked 
|  63|0x0000000087500000, 0x0000000087500000, 0x0000000087600000|  0%| F|  |TAMS 0x0000000087500000, 0x0000000087500000| Untracked 
|  64|0x0000000087600000, 0x0000000087600000, 0x0000000087700000|  0%| F|  |TAMS 0x0000000087600000, 0x0000000087600000| Untracked 
|  65|0x0000000087700000, 0x0000000087700000, 0x0000000087800000|  0%| F|  |TAMS 0x0000000087700000, 0x0000000087700000| Untracked 
|  66|0x0000000087800000, 0x0000000087800000, 0x0000000087900000|  0%| F|  |TAMS 0x0000000087800000, 0x0000000087800000| Untracked 
|  67|0x0000000087900000, 0x0000000087900000, 0x0000000087a00000|  0%| F|  |TAMS 0x0000000087900000, 0x0000000087900000| Untracked 
|  68|0x0000000087a00000, 0x0000000087a00000, 0x0000000087b00000|  0%| F|  |TAMS 0x0000000087a00000, 0x0000000087a00000| Untracked 
|  69|0x0000000087b00000, 0x0000000087b00000, 0x0000000087c00000|  0%| F|  |TAMS 0x0000000087b00000, 0x0000000087b00000| Untracked 
|  70|0x0000000087c00000, 0x0000000087c00000, 0x0000000087d00000|  0%| F|  |TAMS 0x0000000087c00000, 0x0000000087c00000| Untracked 
|  71|0x0000000087d00000, 0x0000000087d00000, 0x0000000087e00000|  0%| F|  |TAMS 0x0000000087d00000, 0x0000000087d00000| Untracked 
|  72|0x0000000087e00000, 0x0000000087e00000, 0x0000000087f00000|  0%| F|  |TAMS 0x0000000087e00000, 0x0000000087e00000| Untracked 
|  73|0x0000000087f00000, 0x0000000087f00000, 0x0000000088000000|  0%| F|  |TAMS 0x0000000087f00000, 0x0000000087f00000| Untracked 
|  74|0x0000000088000000, 0x0000000088000000, 0x0000000088100000|  0%| F|  |TAMS 0x0000000088000000, 0x0000000088000000| Untracked 
|  75|0x0000000088100000, 0x0000000088100000, 0x0000000088200000|  0%| F|  |TAMS 0x0000000088100000, 0x0000000088100000| Untracked 
|  76|0x0000000088200000, 0x0000000088200000, 0x0000000088300000|  0%| F|  |TAMS 0x0000000088200000, 0x0000000088200000| Untracked 
|  77|0x0000000088300000, 0x0000000088300000, 0x0000000088400000|  0%| F|  |TAMS 0x0000000088300000, 0x0000000088300000| Untracked 
|  78|0x0000000088400000, 0x0000000088400000, 0x0000000088500000|  0%| F|  |TAMS 0x0000000088400000, 0x0000000088400000| Untracked 
|  79|0x0000000088500000, 0x0000000088500000, 0x0000000088600000|  0%| F|  |TAMS 0x0000000088500000, 0x0000000088500000| Untracked 
|  80|0x0000000088600000, 0x0000000088600000, 0x0000000088700000|  0%| F|  |TAMS 0x0000000088600000, 0x0000000088600000| Untracked 
|  81|0x0000000088700000, 0x0000000088700000, 0x0000000088800000|  0%| F|  |TAMS 0x0000000088700000, 0x0000000088700000| Untracked 
|  82|0x0000000088800000, 0x0000000088800000, 0x0000000088900000|  0%| F|  |TAMS 0x0000000088800000, 0x0000000088800000| Untracked 
|  93|0x0000000089300000, 0x0000000089300000, 0x0000000089400000|  0%| F|  |TAMS 0x0000000089300000, 0x0000000089300000| Untracked 
|  94|0x0000000089400000, 0x0000000089400000, 0x0000000089500000|  0%| F|  |TAMS 0x0000000089400000, 0x0000000089400000| Untracked 
|  95|0x0000000089500000, 0x0000000089500000, 0x0000000089600000|  0%| F|  |TAMS 0x0000000089500000, 0x0000000089500000| Untracked 
|  96|0x0000000089600000, 0x0000000089600000, 0x0000000089700000|  0%| F|  |TAMS 0x0000000089600000, 0x0000000089600000| Untracked 
|  97|0x0000000089700000, 0x0000000089700000, 0x0000000089800000|  0%| F|  |TAMS 0x0000000089700000, 0x0000000089700000| Untracked 
| 125|0x000000008b300000, 0x000000008b300000, 0x000000008b400000|  0%| F|  |TAMS 0x000000008b300000, 0x000000008b300000| Untracked 

Card table byte_map: [0x00000194c2370000,0x00000194c2760000] _byte_map_base: 0x00000194c1f55000

Marking Bits (Prev, Next): (CMBitMap*) 0x00000194b70ff480, (CMBitMap*) 0x00000194b70ff440
 Prev Bits: [0x00000194c4a80000, 0x00000194c69a8000)
 Next Bits: [0x00000194c2b50000, 0x00000194c4a78000)

Polling page: 0x00000194b4fa0000

Metaspace:

Usage:
  Non-class:     63.47 MB used.
      Class:     10.81 MB used.
       Both:     74.28 MB used.

Virtual space:
  Non-class space:      128.00 MB reserved,      63.81 MB ( 50%) committed,  2 nodes.
      Class space:        1.00 GB reserved,      11.12 MB (  1%) committed,  1 nodes.
             Both:        1.12 GB reserved,      74.94 MB (  7%) committed. 

Chunk freelists:
   Non-Class:  15.92 MB
       Class:  4.92 MB
        Both:  20.84 MB

MaxMetaspaceSize: unlimited
CompressedClassSpaceSize: 1.00 GB
Initial GC threshold: 21.00 MB
Current GC threshold: 98.69 MB
CDS: on
MetaspaceReclaimPolicy: balanced
 - commit_granule_bytes: 65536.
 - commit_granule_words: 8192.
 - virtual_space_node_default_size: 8388608.
 - enlarge_chunks_in_place: 1.
 - new_chunks_are_fully_committed: 0.
 - uncommit_free_chunks: 1.
 - use_allocation_guard: 0.
 - handle_deallocations: 1.


Internal statistics:

num_allocs_failed_limit: 9.
num_arena_births: 936.
num_arena_deaths: 0.
num_vsnodes_births: 3.
num_vsnodes_deaths: 0.
num_space_committed: 1199.
num_space_uncommitted: 0.
num_chunks_returned_to_freelist: 9.
num_chunks_taken_from_freelist: 3656.
num_chunk_merges: 9.
num_chunk_splits: 2667.
num_chunks_enlarged: 2077.
num_inconsistent_stats: 0.

CodeCache: size=49152Kb used=16093Kb max_used=16093Kb free=33059Kb
 bounds [0x00000194be920000, 0x00000194bf8e0000, 0x00000194c1920000]
 total_blobs=9255 nmethods=8504 adapters=673
 compilation: enabled
              stopped_count=0, restarted_count=0
 full_count=0

Compilation events (20 events):
Event: 8.433 Thread 0x00000194c9d03d00 8495       1       org.antlr.v4.runtime.atn.ATNConfigSet::isReadonly (5 bytes)
Event: 8.433 Thread 0x00000194c9d03d00 nmethod 8495 0x00000194bf8d5410 code [0x00000194bf8d55a0, 0x00000194bf8d5678]
Event: 8.433 Thread 0x00000194c9d03d00 8496       1       org.antlr.v4.runtime.atn.ATNConfigSet$AbstractConfigHashSet::createBuckets (6 bytes)
Event: 8.433 Thread 0x00000194c9d05640 8497       1       org.antlr.v4.runtime.atn.ATNConfigSet$AbstractConfigHashSet::createBuckets (5 bytes)
Event: 8.433 Thread 0x00000194c9d05640 nmethod 8497 0x00000194bf8d5710 code [0x00000194bf8d58a0, 0x00000194bf8d59f8]
Event: 8.433 Thread 0x00000194c9d03d00 nmethod 8496 0x00000194bf8d5a90 code [0x00000194bf8d5c20, 0x00000194bf8d5d78]
Event: 8.433 Thread 0x00000194c9d03d00 8498       1       org.antlr.v4.runtime.atn.PrecedencePredicateTransition::isEpsilon (2 bytes)
Event: 8.433 Thread 0x00000194c991ed30 8499       1       org.antlr.v4.runtime.atn.PrecedencePredicateTransition::getSerializationType (3 bytes)
Event: 8.433 Thread 0x00000194c9d03d00 nmethod 8498 0x00000194bf8d5e10 code [0x00000194bf8d5fa0, 0x00000194bf8d6078]
Event: 8.433 Thread 0x00000194c9d03d00 8500       1       org.antlr.v4.runtime.atn.ArrayPredictionContext::getReturnState (7 bytes)
Event: 8.433 Thread 0x00000194c991ed30 nmethod 8499 0x00000194bf8d6110 code [0x00000194bf8d62a0, 0x00000194bf8d6378]
Event: 8.433 Thread 0x00000194c9d03d00 nmethod 8500 0x00000194bf8d6410 code [0x00000194bf8d65a0, 0x00000194bf8d6698]
Event: 8.433 Thread 0x00000194c991ed30 8501       1       org.antlr.v4.runtime.atn.LexerATNConfig::getLexerActionExecutor (5 bytes)
Event: 8.433 Thread 0x00000194c991ed30 nmethod 8501 0x00000194bf8d6790 code [0x00000194bf8d6920, 0x00000194bf8d69f8]
Event: 8.434 Thread 0x00000194c991ed30 8502       1       java.lang.Math::floor (5 bytes)
Event: 8.434 Thread 0x00000194c9d05b60 8503       1       java.lang.StrictMath::floor (12 bytes)
Event: 8.434 Thread 0x00000194c991ed30 nmethod 8502 0x00000194bf8d6a90 code [0x00000194bf8d6c60, 0x00000194bf8d6d28]
Event: 8.434 Thread 0x00000194c9d05b60 nmethod 8503 0x00000194bf8d6e10 code [0x00000194bf8d6fe0, 0x00000194bf8d70a8]
Event: 8.434 Thread 0x00000194c9d05b60 8504       1       org.antlr.v4.runtime.Recognizer::getInterpreter (5 bytes)
Event: 8.434 Thread 0x00000194c9d05b60 nmethod 8504 0x00000194bf8d7110 code [0x00000194bf8d72a0, 0x00000194bf8d7378]

GC Heap History (20 events):
Event: 3.960 GC heap after
{Heap after GC invocations=9 (full 0):
 garbage-first heap   total 91136K, used 29724K [0x0000000083600000, 0x0000000100000000)
  region size 1024K, 3 young (3072K), 3 survivors (3072K)
 Metaspace       used 32009K, committed 32320K, reserved 1114112K
  class space    used 4452K, committed 4608K, reserved 1048576K
}
Event: 4.508 GC heap before
{Heap before GC invocations=9 (full 0):
 garbage-first heap   total 91136K, used 56348K [0x0000000083600000, 0x0000000100000000)
  region size 1024K, 30 young (30720K), 3 survivors (3072K)
 Metaspace       used 35686K, committed 36096K, reserved 1114112K
  class space    used 5007K, committed 5184K, reserved 1048576K
}
Event: 4.515 GC heap after
{Heap after GC invocations=10 (full 0):
 garbage-first heap   total 91136K, used 31612K [0x0000000083600000, 0x0000000100000000)
  region size 1024K, 5 young (5120K), 5 survivors (5120K)
 Metaspace       used 35686K, committed 36096K, reserved 1114112K
  class space    used 5007K, committed 5184K, reserved 1048576K
}
Event: 5.295 GC heap before
{Heap before GC invocations=11 (full 0):
 garbage-first heap   total 91136K, used 71548K [0x0000000083600000, 0x0000000100000000)
  region size 1024K, 43 young (44032K), 5 survivors (5120K)
 Metaspace       used 39030K, committed 39552K, reserved 1114112K
  class space    used 5498K, committed 5760K, reserved 1048576K
}
Event: 5.299 GC heap after
{Heap after GC invocations=12 (full 0):
 garbage-first heap   total 91136K, used 34243K [0x0000000083600000, 0x0000000100000000)
  region size 1024K, 5 young (5120K), 5 survivors (5120K)
 Metaspace       used 39030K, committed 39552K, reserved 1114112K
  class space    used 5498K, committed 5760K, reserved 1048576K
}
Event: 5.902 GC heap before
{Heap before GC invocations=12 (full 0):
 garbage-first heap   total 91136K, used 72131K [0x0000000083600000, 0x0000000100000000)
  region size 1024K, 42 young (43008K), 5 survivors (5120K)
 Metaspace       used 47480K, committed 48000K, reserved 1114112K
  class space    used 6721K, committed 6976K, reserved 1048576K
}
Event: 5.907 GC heap after
{Heap after GC invocations=13 (full 0):
 garbage-first heap   total 91136K, used 36461K [0x0000000083600000, 0x0000000100000000)
  region size 1024K, 5 young (5120K), 5 survivors (5120K)
 Metaspace       used 47480K, committed 48000K, reserved 1114112K
  class space    used 6721K, committed 6976K, reserved 1048576K
}
Event: 6.629 GC heap before
{Heap before GC invocations=13 (full 0):
 garbage-first heap   total 91136K, used 72301K [0x0000000083600000, 0x0000000100000000)
  region size 1024K, 40 young (40960K), 5 survivors (5120K)
 Metaspace       used 56654K, committed 57216K, reserved 1114112K
  class space    used 7946K, committed 8256K, reserved 1048576K
}
Event: 6.634 GC heap after
{Heap after GC invocations=14 (full 0):
 garbage-first heap   total 91136K, used 39182K [0x0000000083600000, 0x0000000100000000)
  region size 1024K, 5 young (5120K), 5 survivors (5120K)
 Metaspace       used 56654K, committed 57216K, reserved 1114112K
  class space    used 7946K, committed 8256K, reserved 1048576K
}
Event: 6.824 GC heap before
{Heap before GC invocations=14 (full 0):
 garbage-first heap   total 91136K, used 55566K [0x0000000083600000, 0x0000000100000000)
  region size 1024K, 22 young (22528K), 5 survivors (5120K)
 Metaspace       used 59750K, committed 60288K, reserved 1114112K
  class space    used 8445K, committed 8704K, reserved 1048576K
}
Event: 6.828 GC heap after
{Heap after GC invocations=15 (full 0):
 garbage-first heap   total 91136K, used 40128K [0x0000000083600000, 0x0000000100000000)
  region size 1024K, 2 young (2048K), 2 survivors (2048K)
 Metaspace       used 59750K, committed 60288K, reserved 1114112K
  class space    used 8445K, committed 8704K, reserved 1048576K
}
Event: 7.151 GC heap before
{Heap before GC invocations=16 (full 0):
 garbage-first heap   total 91136K, used 72896K [0x0000000083600000, 0x0000000100000000)
  region size 1024K, 34 young (34816K), 2 survivors (2048K)
 Metaspace       used 63610K, committed 64128K, reserved 1114112K
  class space    used 9131K, committed 9408K, reserved 1048576K
}
Event: 7.153 GC heap after
{Heap after GC invocations=17 (full 0):
 garbage-first heap   total 91136K, used 40658K [0x0000000083600000, 0x0000000100000000)
  region size 1024K, 2 young (2048K), 2 survivors (2048K)
 Metaspace       used 63610K, committed 64128K, reserved 1114112K
  class space    used 9131K, committed 9408K, reserved 1048576K
}
Event: 7.747 GC heap before
{Heap before GC invocations=17 (full 0):
 garbage-first heap   total 91136K, used 73426K [0x0000000083600000, 0x0000000100000000)
  region size 1024K, 34 young (34816K), 2 survivors (2048K)
 Metaspace       used 67770K, committed 68416K, reserved 1114112K
  class space    used 9764K, committed 10048K, reserved 1048576K
}
Event: 7.749 GC heap after
{Heap after GC invocations=18 (full 0):
 garbage-first heap   total 91136K, used 42677K [0x0000000083600000, 0x0000000100000000)
  region size 1024K, 4 young (4096K), 4 survivors (4096K)
 Metaspace       used 67770K, committed 68416K, reserved 1114112K
  class space    used 9764K, committed 10048K, reserved 1048576K
}
Event: 8.039 GC heap before
{Heap before GC invocations=18 (full 0):
 garbage-first heap   total 91136K, used 74421K [0x0000000083600000, 0x0000000100000000)
  region size 1024K, 35 young (35840K), 4 survivors (4096K)
 Metaspace       used 70977K, committed 71616K, reserved 1114112K
  class space    used 10184K, committed 10496K, reserved 1048576K
}
Event: 8.043 GC heap after
{Heap after GC invocations=19 (full 0):
 garbage-first heap   total 91136K, used 45039K [0x0000000083600000, 0x0000000100000000)
  region size 1024K, 5 young (5120K), 5 survivors (5120K)
 Metaspace       used 70977K, committed 71616K, reserved 1114112K
  class space    used 10184K, committed 10496K, reserved 1048576K
}
Event: 8.343 GC heap before
{Heap before GC invocations=19 (full 0):
 garbage-first heap   total 91136K, used 74735K [0x0000000083600000, 0x0000000100000000)
  region size 1024K, 34 young (34816K), 5 survivors (5120K)
 Metaspace       used 75037K, committed 75648K, reserved 1114112K
  class space    used 10841K, committed 11136K, reserved 1048576K
}
Event: 8.347 GC heap after
{Heap after GC invocations=20 (full 0):
 garbage-first heap   total 91136K, used 47235K [0x0000000083600000, 0x0000000100000000)
  region size 1024K, 5 young (5120K), 5 survivors (5120K)
 Metaspace       used 75037K, committed 75648K, reserved 1114112K
  class space    used 10841K, committed 11136K, reserved 1048576K
}
Event: 8.436 GC heap before
{Heap before GC invocations=20 (full 0):
 garbage-first heap   total 91136K, used 74883K [0x0000000083600000, 0x0000000100000000)
  region size 1024K, 32 young (32768K), 5 survivors (5120K)
 Metaspace       used 76059K, committed 76736K, reserved 1179648K
  class space    used 11064K, committed 11392K, reserved 1048576K
}

Deoptimization events (12 events):
Event: 1.581 Thread 0x00000194b709fe30 DEOPT PACKING pc=0x00000194bef60a99 sp=0x0000004fbbffd150
Event: 1.581 Thread 0x00000194b709fe30 DEOPT UNPACKING pc=0x00000194be9766e3 sp=0x0000004fbbffc630 mode 3
Event: 1.972 Thread 0x00000194b709fe30 DEOPT PACKING pc=0x00000194beff8dd5 sp=0x0000004fbbffd770
Event: 1.972 Thread 0x00000194b709fe30 DEOPT UNPACKING pc=0x00000194be9766e3 sp=0x0000004fbbffcc18 mode 3
Event: 2.646 Thread 0x00000194b709fe30 DEOPT PACKING pc=0x00000194bf0ab61d sp=0x0000004fbbffdfc0
Event: 2.646 Thread 0x00000194b709fe30 DEOPT UNPACKING pc=0x00000194be9766e3 sp=0x0000004fbbffd528 mode 3
Event: 3.263 Thread 0x00000194b709fe30 DEOPT PACKING pc=0x00000194beed719c sp=0x0000004fbbffe1b0
Event: 3.263 Thread 0x00000194b709fe30 DEOPT UNPACKING pc=0x00000194be9766e3 sp=0x0000004fbbffd678 mode 0
Event: 7.022 Thread 0x00000194b709fe30 DEOPT PACKING pc=0x00000194bf5e1edc sp=0x0000004fbbffc620
Event: 7.022 Thread 0x00000194b709fe30 DEOPT UNPACKING pc=0x00000194be9766e3 sp=0x0000004fbbffbac0 mode 0
Event: 7.416 Thread 0x00000194b709fe30 DEOPT PACKING pc=0x00000194bf736af4 sp=0x0000004fbbffd1c0
Event: 7.416 Thread 0x00000194b709fe30 DEOPT UNPACKING pc=0x00000194be9766e3 sp=0x0000004fbbffc738 mode 0

Classes unloaded (0 events):
No events

Classes redefined (0 events):
No events

Internal exceptions (20 events):
Event: 7.411 Thread 0x00000194b709fe30 Exception <a 'java/lang/NoSuchMethodError'{0x0000000087968768}: 'void java.lang.invoke.DirectMethodHandle$Holder.invokeInterface(java.lang.Object, java.lang.Object)'> (0x0000000087968768) 
thrown [s\open\src\hotspot\share\interpreter\linkResolver.cpp, line 759]
Event: 7.431 Thread 0x00000194c9cfade0 Exception <a 'java/lang/reflect/InvocationTargetException'{0x0000000087720c28}> (0x0000000087720c28) 
thrown [s\open\src\hotspot\share\runtime\reflection.cpp, line 1121]
Event: 7.623 Thread 0x00000194b709fe30 Exception <a 'java/lang/NoSuchMethodError'{0x0000000087278f00}: 'java.lang.Object java.lang.invoke.DirectMethodHandle$Holder.invokeSpecial(java.lang.Object, java.lang.Object, int, java.lang.Object, int)'> (0x0000000087278f00) 
thrown [s\open\src\hotspot\share\interpreter\linkResolver.cpp, line 759]
Event: 7.761 Thread 0x00000194b709fe30 Exception <a 'sun/nio/fs/WindowsException'{0x0000000089787e90}> (0x0000000089787e90) 
thrown [s\open\src\hotspot\share\prims\jni.cpp, line 516]
Event: 7.880 Thread 0x00000194b709fe30 Exception <a 'java/lang/IncompatibleClassChangeError'{0x0000000088162940}: Found class java.lang.Object, but interface was expected> (0x0000000088162940) 
thrown [s\open\src\hotspot\share\interpreter\linkResolver.cpp, line 826]
Event: 7.887 Thread 0x00000194b709fe30 Exception <a 'java/lang/IncompatibleClassChangeError'{0x000000008801a858}: Found class java.lang.Object, but interface was expected> (0x000000008801a858) 
thrown [s\open\src\hotspot\share\interpreter\linkResolver.cpp, line 826]
Event: 7.902 Thread 0x00000194b709fe30 Exception <a 'java/lang/IncompatibleClassChangeError'{0x0000000087f09968}: Found class java.lang.Object, but interface was expected> (0x0000000087f09968) 
thrown [s\open\src\hotspot\share\interpreter\linkResolver.cpp, line 826]
Event: 7.936 Thread 0x00000194c9cfade0 Exception <a 'java/lang/reflect/InvocationTargetException'{0x0000000087b029a8}> (0x0000000087b029a8) 
thrown [s\open\src\hotspot\share\runtime\reflection.cpp, line 1121]
Event: 7.940 Thread 0x00000194b709fe30 Exception <a 'java/io/FileNotFoundException'{0x0000000087ce5598}> (0x0000000087ce5598) 
thrown [s\open\src\hotspot\share\prims\jni.cpp, line 516]
Event: 7.940 Thread 0x00000194b709fe30 Exception <a 'java/io/FileNotFoundException'{0x0000000087cf1a70}> (0x0000000087cf1a70) 
thrown [s\open\src\hotspot\share\prims\jni.cpp, line 516]
Event: 8.160 Thread 0x00000194b709fe30 Exception <a 'java/lang/IncompatibleClassChangeError'{0x00000000882601a0}: Found class java.lang.Object, but interface was expected> (0x00000000882601a0) 
thrown [s\open\src\hotspot\share\interpreter\linkResolver.cpp, line 826]
Event: 8.190 Thread 0x00000194b709fe30 Exception <a 'java/lang/reflect/InvocationTargetException'{0x00000000880e3f00}> (0x00000000880e3f00) 
thrown [s\open\src\hotspot\share\runtime\reflection.cpp, line 1121]
Event: 8.196 Thread 0x00000194b709fe30 Exception <a 'java/lang/NoSuchMethodError'{0x0000000087f4afd8}: 'int java.lang.invoke.DirectMethodHandle$Holder.invokeStatic(java.lang.Object, java.lang.Object, int)'> (0x0000000087f4afd8) 
thrown [s\open\src\hotspot\share\interpreter\linkResolver.cpp, line 759]
Event: 8.227 Thread 0x00000194b709fe30 Exception <a 'java/lang/NoSuchMethodError'{0x0000000087d62cc0}: 'java.lang.Object java.lang.invoke.DirectMethodHandle$Holder.invokeStatic(java.lang.Object, int, java.lang.Object)'> (0x0000000087d62cc0) 
thrown [s\open\src\hotspot\share\interpreter\linkResolver.cpp, line 759]
Event: 8.245 Thread 0x00000194b709fe30 Exception <a 'java/lang/reflect/InvocationTargetException'{0x0000000087a697d0}> (0x0000000087a697d0) 
thrown [s\open\src\hotspot\share\runtime\reflection.cpp, line 1121]
Event: 8.249 Thread 0x00000194b709fe30 Exception <a 'java/lang/reflect/InvocationTargetException'{0x0000000087a8cd40}> (0x0000000087a8cd40) 
thrown [s\open\src\hotspot\share\runtime\reflection.cpp, line 1121]
Event: 8.250 Thread 0x00000194b709fe30 Exception <a 'java/lang/reflect/InvocationTargetException'{0x0000000087a99fa0}> (0x0000000087a99fa0) 
thrown [s\open\src\hotspot\share\runtime\reflection.cpp, line 1121]
Event: 8.255 Thread 0x00000194b709fe30 Exception <a 'java/lang/reflect/InvocationTargetException'{0x0000000087ab3d30}> (0x0000000087ab3d30) 
thrown [s\open\src\hotspot\share\runtime\reflection.cpp, line 1121]
Event: 8.256 Thread 0x00000194b709fe30 Exception <a 'java/lang/reflect/InvocationTargetException'{0x0000000087ac4130}> (0x0000000087ac4130) 
thrown [s\open\src\hotspot\share\runtime\reflection.cpp, line 1121]
Event: 8.285 Thread 0x00000194b709fe30 Exception <a 'java/lang/reflect/InvocationTargetException'{0x00000000876ad530}> (0x00000000876ad530) 
thrown [s\open\src\hotspot\share\runtime\reflection.cpp, line 1121]

VM Operations (20 events):
Event: 7.792 Executing VM operation: HandshakeAllThreads done
Event: 7.893 Executing VM operation: HandshakeAllThreads
Event: 7.893 Executing VM operation: HandshakeAllThreads done
Event: 8.039 Executing VM operation: G1CollectForAllocation
Event: 8.043 Executing VM operation: G1CollectForAllocation done
Event: 8.167 Executing VM operation: HandshakeAllThreads
Event: 8.167 Executing VM operation: HandshakeAllThreads done
Event: 8.167 Executing VM operation: HandshakeAllThreads
Event: 8.167 Executing VM operation: HandshakeAllThreads done
Event: 8.249 Executing VM operation: HandshakeAllThreads
Event: 8.249 Executing VM operation: HandshakeAllThreads done
Event: 8.343 Executing VM operation: G1CollectForAllocation
Event: 8.347 Executing VM operation: G1CollectForAllocation done
Event: 8.381 Executing VM operation: HandshakeAllThreads
Event: 8.381 Executing VM operation: HandshakeAllThreads done
Event: 8.383 Executing VM operation: HandshakeAllThreads
Event: 8.383 Executing VM operation: HandshakeAllThreads done
Event: 8.418 Executing VM operation: HandshakeAllThreads
Event: 8.418 Executing VM operation: HandshakeAllThreads done
Event: 8.436 Executing VM operation: G1CollectForAllocation

Events (20 events):
Event: 8.114 loading class java/util/WeakHashMap$KeyIterator
Event: 8.114 loading class java/util/WeakHashMap$KeyIterator done
Event: 8.163 loading class java/lang/Package$1PackageInfoProxy
Event: 8.164 loading class java/lang/Package$1PackageInfoProxy done
Event: 8.175 loading class java/util/stream/ReduceOps$5
Event: 8.176 loading class java/util/stream/ReduceOps$5 done
Event: 8.176 loading class java/util/stream/ReduceOps$CountingSink$OfRef
Event: 8.176 loading class java/util/stream/ReduceOps$CountingSink
Event: 8.176 loading class java/util/stream/ReduceOps$CountingSink done
Event: 8.176 loading class java/util/stream/ReduceOps$CountingSink$OfRef done
Event: 8.216 loading class java/util/regex/Pattern$Bound
Event: 8.217 loading class java/util/regex/Pattern$Bound done
Event: 8.217 loading class java/util/regex/Pattern$Behind
Event: 8.217 loading class java/util/regex/Pattern$Behind done
Event: 8.306 loading class java/util/EmptyStackException
Event: 8.306 loading class java/util/EmptyStackException done
Event: 8.374 loading class java/io/InvalidClassException
Event: 8.374 loading class java/io/InvalidClassException done
Event: 8.380 loading class java/util/ArrayList$ListItr
Event: 8.380 loading class java/util/ArrayList$ListItr done


Dynamic libraries:
0x00007ff7496f0000 - 0x00007ff749700000 	C:\Program Files\Java\jdk-17\bin\java.exe
0x00007ffcb8ce0000 - 0x00007ffcb8f46000 	C:\WINDOWS\SYSTEM32\ntdll.dll
0x00007ffcb6f40000 - 0x00007ffcb7009000 	C:\WINDOWS\System32\KERNEL32.DLL
0x00007ffcb6630000 - 0x00007ffcb69fc000 	C:\WINDOWS\System32\KERNELBASE.dll
0x00007ffcb62e0000 - 0x00007ffcb642b000 	C:\WINDOWS\System32\ucrtbase.dll
0x00007ffc9f8f0000 - 0x00007ffc9f909000 	C:\Program Files\Java\jdk-17\bin\jli.dll
0x00007ffcb6e80000 - 0x00007ffcb6f32000 	C:\WINDOWS\System32\ADVAPI32.dll
0x00007ffcb6aa0000 - 0x00007ffcb6b49000 	C:\WINDOWS\System32\msvcrt.dll
0x00007ffc98490000 - 0x00007ffc984ab000 	C:\Program Files\Java\jdk-17\bin\VCRUNTIME140.dll
0x00007ffcb6dd0000 - 0x00007ffcb6e76000 	C:\WINDOWS\System32\sechost.dll
0x00007ffcb74d0000 - 0x00007ffcb75e6000 	C:\WINDOWS\System32\RPCRT4.dll
0x00007ffcb81e0000 - 0x00007ffcb83aa000 	C:\WINDOWS\System32\USER32.dll
0x00007ffcb5e70000 - 0x00007ffcb5e97000 	C:\WINDOWS\System32\win32u.dll
0x00007ffc9b3c0000 - 0x00007ffc9b65a000 	C:\WINDOWS\WinSxS\amd64_microsoft.windows.common-controls_6595b64144ccf1df_6.0.26100.3912_none_3e07963ce335137e\COMCTL32.dll
0x00007ffcb79f0000 - 0x00007ffcb7a1b000 	C:\WINDOWS\System32\GDI32.dll
0x00007ffcb64f0000 - 0x00007ffcb6622000 	C:\WINDOWS\System32\gdi32full.dll
0x00007ffcb5ea0000 - 0x00007ffcb5f43000 	C:\WINDOWS\System32\msvcp_win.dll
0x00007ffcac180000 - 0x00007ffcac18b000 	C:\WINDOWS\SYSTEM32\VERSION.dll
0x00007ffcb8c60000 - 0x00007ffcb8c90000 	C:\WINDOWS\System32\IMM32.DLL
0x00007ffc9a6a0000 - 0x00007ffc9a6ac000 	C:\Program Files\Java\jdk-17\bin\vcruntime140_1.dll
0x00007ffc63b50000 - 0x00007ffc63bde000 	C:\Program Files\Java\jdk-17\bin\msvcp140.dll
0x00007ffc26150000 - 0x00007ffc26d31000 	C:\Program Files\Java\jdk-17\bin\server\jvm.dll
0x00007ffcb7010000 - 0x00007ffcb7018000 	C:\WINDOWS\System32\PSAPI.DLL
0x00007ffca2630000 - 0x00007ffca2666000 	C:\WINDOWS\SYSTEM32\WINMM.dll
0x00007ffc7e700000 - 0x00007ffc7e70a000 	C:\WINDOWS\SYSTEM32\WSOCK32.dll
0x00007ffcb6d50000 - 0x00007ffcb6dc4000 	C:\WINDOWS\System32\WS2_32.dll
0x00007ffcb4d20000 - 0x00007ffcb4d3a000 	C:\WINDOWS\SYSTEM32\kernel.appcore.dll
0x00007ffc99c20000 - 0x00007ffc99c2a000 	C:\Program Files\Java\jdk-17\bin\jimage.dll
0x00007ffcb3600000 - 0x00007ffcb3841000 	C:\WINDOWS\SYSTEM32\DBGHELP.DLL
0x00007ffcb7a20000 - 0x00007ffcb7da4000 	C:\WINDOWS\System32\combase.dll
0x00007ffcb75f0000 - 0x00007ffcb76d0000 	C:\WINDOWS\System32\OLEAUT32.dll
0x00007ffc9a360000 - 0x00007ffc9a399000 	C:\WINDOWS\SYSTEM32\dbgcore.DLL
0x00007ffcb6a00000 - 0x00007ffcb6a99000 	C:\WINDOWS\System32\bcryptPrimitives.dll
0x00007ffc99960000 - 0x00007ffc9996e000 	C:\Program Files\Java\jdk-17\bin\instrument.dll
0x00007ffc8ecc0000 - 0x00007ffc8ece5000 	C:\Program Files\Java\jdk-17\bin\java.dll
0x00007ffc63850000 - 0x00007ffc63927000 	C:\Program Files\Java\jdk-17\bin\jsvml.dll
0x00007ffcb8460000 - 0x00007ffcb8b8d000 	C:\WINDOWS\System32\SHELL32.dll
0x00007ffcb5fe0000 - 0x00007ffcb6154000 	C:\WINDOWS\System32\wintypes.dll
0x00007ffcb3ae0000 - 0x00007ffcb4336000 	C:\WINDOWS\SYSTEM32\windows.storage.dll
0x00007ffcb6b50000 - 0x00007ffcb6c3f000 	C:\WINDOWS\System32\SHCORE.dll
0x00007ffcb78f0000 - 0x00007ffcb7959000 	C:\WINDOWS\System32\shlwapi.dll
0x00007ffcb5d80000 - 0x00007ffcb5daf000 	C:\WINDOWS\SYSTEM32\profapi.dll
0x00007ffc7b7e0000 - 0x00007ffc7b7f8000 	C:\Program Files\Java\jdk-17\bin\zip.dll
0x00007ffc7bcc0000 - 0x00007ffc7bcd9000 	C:\Program Files\Java\jdk-17\bin\net.dll
0x00007ffcab5c0000 - 0x00007ffcab6de000 	C:\WINDOWS\SYSTEM32\WINHTTP.dll
0x00007ffcb52c0000 - 0x00007ffcb532a000 	C:\WINDOWS\system32\mswsock.dll
0x00007ffc7b8f0000 - 0x00007ffc7b906000 	C:\Program Files\Java\jdk-17\bin\nio.dll
0x00007ffc10360000 - 0x00007ffc1037a000 	D:\Program Files\JetBrains\IntelliJ IDEA 2024.2.3\bin\breakgen64.dll
0x00007ffcb47a0000 - 0x00007ffcb48c7000 	C:\WINDOWS\SYSTEM32\DNSAPI.dll
0x00007ffcb46a0000 - 0x00007ffcb46d3000 	C:\WINDOWS\SYSTEM32\IPHLPAPI.DLL
0x00007ffcb7f70000 - 0x00007ffcb7f7a000 	C:\WINDOWS\System32\NSI.dll
0x00007ffca27e0000 - 0x00007ffca27eb000 	C:\Windows\System32\rasadhlp.dll
0x00007ffcaa630000 - 0x00007ffcaa6b6000 	C:\WINDOWS\System32\fwpuclnt.dll
0x00007ffc8ecb0000 - 0x00007ffc8ecba000 	C:\Program Files\Java\jdk-17\bin\management.dll
0x00007ffc87a10000 - 0x00007ffc87a1b000 	C:\Program Files\Java\jdk-17\bin\management_ext.dll
0x00007ffcb5570000 - 0x00007ffcb558c000 	C:\WINDOWS\SYSTEM32\CRYPTSP.dll
0x00007ffcb4c80000 - 0x00007ffcb4cba000 	C:\WINDOWS\system32\rsaenh.dll
0x00007ffcb5360000 - 0x00007ffcb538b000 	C:\WINDOWS\SYSTEM32\USERENV.dll
0x00007ffcb5d50000 - 0x00007ffcb5d76000 	C:\WINDOWS\SYSTEM32\bcrypt.dll
0x00007ffcb5560000 - 0x00007ffcb556c000 	C:\WINDOWS\SYSTEM32\CRYPTBASE.dll
0x00007ffcab530000 - 0x00007ffcab54f000 	C:\WINDOWS\SYSTEM32\dhcpcsvc6.DLL
0x00007ffcab500000 - 0x00007ffcab525000 	C:\WINDOWS\SYSTEM32\dhcpcsvc.DLL
0x00007ffc86ef0000 - 0x00007ffc86f08000 	C:\WINDOWS\system32\napinsp.dll
0x00007ffc86ed0000 - 0x00007ffc86ee2000 	C:\WINDOWS\System32\winrnr.dll
0x00007ffc86e70000 - 0x00007ffc86ea0000 	C:\WINDOWS\system32\nlansp_c.dll
0x00007ffcab710000 - 0x00007ffcab730000 	C:\WINDOWS\system32\wshbth.dll
0x00007ffc86040000 - 0x00007ffc8604e000 	C:\Program Files\Java\jdk-17\bin\sunmscapi.dll
0x00007ffcb6160000 - 0x00007ffcb62d7000 	C:\WINDOWS\System32\CRYPT32.dll
0x00007ffcb5770000 - 0x00007ffcb57a0000 	C:\WINDOWS\SYSTEM32\ncrypt.dll
0x00007ffcb5720000 - 0x00007ffcb575f000 	C:\WINDOWS\SYSTEM32\NTASN1.dll
0x00007ffc6b840000 - 0x00007ffc6b850000 	C:\Program Files\Java\jdk-17\bin\verify.dll

dbghelp: loaded successfully - version: 4.0.5 - missing functions: none
symbol engine: initialized successfully - sym options: 0x614 - pdb path: .;C:\Program Files\Java\jdk-17\bin;C:\WINDOWS\SYSTEM32;C:\WINDOWS\WinSxS\amd64_microsoft.windows.common-controls_6595b64144ccf1df_6.0.26100.3912_none_3e07963ce335137e;C:\Program Files\Java\jdk-17\bin\server;D:\Program Files\JetBrains\IntelliJ IDEA 2024.2.3\bin

VM Arguments:
jvm_args: -XX:TieredStopAtLevel=1 -Dspring.output.ansi.enabled=always -Dcom.sun.management.jmxremote -Dspring.jmx.enabled=true -Dspring.liveBeansView.mbeanDomain -Dspring.application.admin.enabled=true -Dmanagement.endpoints.jmx.exposure.include=* -javaagent:D:\Program Files\JetBrains\IntelliJ IDEA 2024.2.3\lib\idea_rt.jar=64195:D:\Program Files\JetBrains\IntelliJ IDEA 2024.2.3\bin -Dfile.encoding=UTF-8 
java_command: com.example.OnlineMovieStreamingSystem.OnlineMovieStreamingSystemApplication
java_class_path (initial): D:\HocKy2_24_25\DATN\Do an tot nghiep\OnlineMovieStreamingSystem\OnlineMovieStreamingSystem\target\classes;C:\Users\QUYHOANG\.m2\repository\org\springframework\boot\spring-boot-starter-data-jpa\3.4.4\spring-boot-starter-data-jpa-3.4.4.jar;C:\Users\QUYHOANG\.m2\repository\org\springframework\boot\spring-boot-starter\3.4.4\spring-boot-starter-3.4.4.jar;C:\Users\QUYHOANG\.m2\repository\org\springframework\boot\spring-boot\3.4.4\spring-boot-3.4.4.jar;C:\Users\QUYHOANG\.m2\repository\org\springframework\boot\spring-boot-autoconfigure\3.4.4\spring-boot-autoconfigure-3.4.4.jar;C:\Users\QUYHOANG\.m2\repository\org\springframework\boot\spring-boot-starter-logging\3.4.4\spring-boot-starter-logging-3.4.4.jar;C:\Users\QUYHOANG\.m2\repository\ch\qos\logback\logback-classic\1.5.18\logback-classic-1.5.18.jar;C:\Users\QUYHOANG\.m2\repository\ch\qos\logback\logback-core\1.5.18\logback-core-1.5.18.jar;C:\Users\QUYHOANG\.m2\repository\org\apache\logging\log4j\log4j-to-slf4j\2.24.3\log4j-to-slf4j-2.24.3.jar;C:\Users\QUYHOANG\.m2\repository\org\apache\logging\log4j\log4j-api\2.24.3\log4j-api-2.24.3.jar;C:\Users\QUYHOANG\.m2\repository\org\slf4j\jul-to-slf4j\2.0.17\jul-to-slf4j-2.0.17.jar;C:\Users\QUYHOANG\.m2\repository\jakarta\annotation\jakarta.annotation-api\2.1.1\jakarta.annotation-api-2.1.1.jar;C:\Users\QUYHOANG\.m2\repository\org\yaml\snakeyaml\2.3\snakeyaml-2.3.jar;C:\Users\QUYHOANG\.m2\repository\org\springframework\boot\spring-boot-starter-jdbc\3.4.4\spring-boot-starter-jdbc-3.4.4.jar;C:\Users\QUYHOANG\.m2\repository\com\zaxxer\HikariCP\5.1.0\HikariCP-5.1.0.jar;C:\Users\QUYHOANG\.m2\repository\org\springframework\spring-jdbc\6.2.5\spring-jdbc-6.2.5.jar;C:\Users\QUYHOANG\.m2\repository\org\hibernate\orm\hibernate-core\6.6.11.Final\hibernate-core-6.6.11.Final.jar;C:\Users\QUYHOANG\.m2\repository\jakarta\persistence\jakarta.persistence-api\3.1.0\jakarta.persistence-api-3.1.0.jar;C:\Users\QUYHOANG\.m2\repository\jakarta\transaction\jakarta.transaction-a
Launcher Type: SUN_STANDARD

[Global flags]
     intx CICompilerCount                          = 12                                        {product} {ergonomic}
     uint ConcGCThreads                            = 3                                         {product} {ergonomic}
     uint G1ConcRefinementThreads                  = 13                                        {product} {ergonomic}
   size_t G1HeapRegionSize                         = 1048576                                   {product} {ergonomic}
    uintx GCDrainStackTargetSize                   = 64                                        {product} {ergonomic}
   size_t InitialHeapSize                          = 132120576                                 {product} {ergonomic}
     bool ManagementServer                         = true                                      {product} {command line}
   size_t MarkStackSize                            = 4194304                                   {product} {ergonomic}
   size_t MaxHeapSize                              = 2090860544                                {product} {ergonomic}
   size_t MaxNewSize                               = 1254096896                                {product} {ergonomic}
   size_t MinHeapDeltaBytes                        = 1048576                                   {product} {ergonomic}
   size_t MinHeapSize                              = 8388608                                   {product} {ergonomic}
    uintx NonProfiledCodeHeapSize                  = 0                                      {pd product} {ergonomic}
     bool ProfileInterpreter                       = false                                  {pd product} {command line}
    uintx ProfiledCodeHeapSize                     = 0                                      {pd product} {ergonomic}
   size_t SoftMaxHeapSize                          = 2090860544                             {manageable} {ergonomic}
     intx TieredStopAtLevel                        = 1                                         {product} {command line}
     bool UseCompressedClassPointers               = true                           {product lp64_product} {ergonomic}
     bool UseCompressedOops                        = true                           {product lp64_product} {ergonomic}
     bool UseG1GC                                  = true                                      {product} {ergonomic}
     bool UseLargePagesIndividualAllocation        = false                                  {pd product} {ergonomic}

Logging:
Log output configuration:
 #0: stdout all=warning uptime,level,tags
 #1: stderr all=off uptime,level,tags

Environment Variables:
JAVA_HOME=C:\Program Files\Java\jdk-17
PATH=C:\Program Files\NVIDIA GPU Computing Toolkit\CUDA\v12.6\bin;C:\Program Files\NVIDIA GPU Computing Toolkit\CUDA\v12.6\libnvvp;;C:\Program Files\NVIDIA GPU Computing Toolkit\CUDA\v11.8\bin;C:\Program Files\NVIDIA GPU Computing Toolkit\CUDA\v11.8\libnvvp;C:\Program Files\Common Files\Oracle\Java\javapath;C:\Windows\system32;C:\Windows;C:\Windows\System32\Wbem;C:\Windows\System32\WindowsPowerShell\v1.0\;C:\Windows\System32\OpenSSH\;C:\Program Files (x86)\NVIDIA Corporation\PhysX\Common;C:\Program Files\NVIDIA Corporation\NVIDIA NvDLISR;C:\WINDOWS\system32;C:\WINDOWS;C:\WINDOWS\System32\Wbem;C:\WINDOWS\System32\WindowsPowerShell\v1.0\;C:\WINDOWS\System32\OpenSSH\;C:\Program Files\Microsoft SQL Server\Client SDK\ODBC\170\Tools\Binn\;C:\Program Files (x86)\Microsoft SQL Server\150\Tools\Binn\;C:\Program Files\Microsoft SQL Server\150\Tools\Binn\;C:\Program Files\Microsoft SQL Server\150\DTS\Binn\;C:\msys64\mingw64\bin;D:\GitHub\Git\cmd;C:\Program Files\Java\jdk-17\bin;C:\Program Files\Docker\Docker\resources\bin;D:\Program Files\Redis;D:\httpd-2.4.62-240904-win64-VS17\Apache24\bin;C:\Program Files (x86)\Microsoft SQL Server\150\DTS\Binn\;D:\apache-maven-3.9.9-bin\apache-maven-3.9.9\bin;D:\Program Files\nodejs\;D:\Python 3.11\Scripts\;D:\Python 3.11\;C:\Program Files\MySQL\MySQL Shell 8.0\bin\;C:\Users\QUYHOANG\AppData\Local\Microsoft\WindowsApps;C:\Program Files\Azure Data Studio\bin;C:\Program Files\dotnet\sdk\7.0.101;C:\Users\QUYHOANG\AppData\Local\Programs\Microsoft VS Code\bin;D:\Python_311\Scripts;E:\ngrok-v3-stable-windows-amd64;;C:\Program Files\Azure Data Studio\bin;D:\PyCharm 2024.3.4\bin;;C:\Users\QUYHOANG\AppData\Roaming\npm;C:\Users\QUYHOANG\AppData\Local\Programs\cursor\resources\app\bin
USERNAME=QUYHOANG
OS=Windows_NT
PROCESSOR_IDENTIFIER=Intel64 Family 6 Model 141 Stepping 1, GenuineIntel



---------------  S Y S T E M  ---------------

OS:
 Windows 11 , 64 bit Build 26100 (10.0.26100.3912)
OS uptime: 1 days 17:44 hours
Hyper-V role detected

CPU: total 16 (initial active 16) (8 cores per cpu, 2 threads per core) family 6 model 141 stepping 1 microcode 0x3c, cx8, cmov, fxsr, ht, mmx, 3dnowpref, sse, sse2, sse3, ssse3, sse4.1, sse4.2, popcnt, lzcnt, tsc, tscinvbit, avx, avx2, aes, erms, clmul, bmi1, bmi2, adx, avx512f, avx512dq, avx512cd, avx512bw, avx512vl, sha, fma, vzeroupper, avx512_vpopcntdq, avx512_vpclmulqdq, avx512_vaes, avx512_vnni, clflush, clflushopt, clwb, avx512_vbmi2, avx512_vbmi, hv

Memory: 4k page, system-wide physical 7971M (169M free)
TotalPageFile size 29221M (AvailPageFile size 2M)
current process WorkingSet (physical memory assigned to process): 243M, peak: 259M
current process commit charge ("private bytes"): 310M, peak: 320M

vm_info: Java HotSpot(TM) 64-Bit Server VM (17.0.9+11-LTS-201) for windows-amd64 JRE (17.0.9+11-LTS-201), built on Oct 10 2023 23:16:06 by "mach5one" with MS VC++ 17.1 (VS2022)

END.
